This file contains any messages produced by compilers while
running configure, to aid debugging if configure makes a mistake.

It was created by configure, which was
generated by GNU Autoconf 2.69.  Invocation command line was

  $ ./configure 

## --------- ##
## Platform. ##
## --------- ##

hostname = artifice-ragnarok.com
uname -m = x86_64
uname -r = 2.6.32-431.el6.x86_64
uname -s = Linux
uname -v = #1 SMP Fri Nov 22 03:15:09 UTC 2013

/usr/bin/uname -p = unknown
/bin/uname -X     = unknown

/bin/arch              = x86_64
/usr/bin/arch -k       = unknown
/usr/convex/getsysinfo = unknown
/usr/bin/hostinfo      = unknown
/bin/machine           = unknown
/usr/bin/oslevel       = unknown
/bin/universe          = unknown

PATH: /usr/local/sbin
PATH: /usr/local/bin
PATH: /sbin
PATH: /bin
PATH: /usr/sbin
PATH: /usr/bin
PATH: /root/bin


## ----------- ##
## Core tests. ##
## ----------- ##

configure:2248: checking for gcc
configure:2264: found /usr/bin/gcc
configure:2275: result: gcc
configure:2504: checking for C compiler version
configure:2513: gcc --version >&5
gcc (GCC) 4.4.7 20120313 (Red Hat 4.4.7-11)
Copyright (C) 2010 Free Software Foundation, Inc.
This is free software; see the source for copying conditions.  There is NO
warranty; not even for MERCHANTABILITY or FITNESS FOR A PARTICULAR PURPOSE.

configure:2524: $? = 0
configure:2513: gcc -v >&5
Using built-in specs.
Target: x86_64-redhat-linux
Configured with: ../configure --prefix=/usr --mandir=/usr/share/man --infodir=/usr/share/info --with-bugurl=http://bugzilla.redhat.com/bugzilla --enable-bootstrap --enable-shared --enable-threads=posix --enable-checking=release --with-system-zlib --enable-__cxa_atexit --disable-libunwind-exceptions --enable-gnu-unique-object --enable-languages=c,c++,objc,obj-c++,java,fortran,ada --enable-java-awt=gtk --disable-dssi --with-java-home=/usr/lib/jvm/java-1.5.0-gcj-1.5.0.0/jre --enable-libgcj-multifile --enable-java-maintainer-mode --with-ecj-jar=/usr/share/java/eclipse-ecj.jar --disable-libjava-multilib --with-ppl --with-cloog --with-tune=generic --with-arch_32=i686 --build=x86_64-redhat-linux
Thread model: posix
gcc version 4.4.7 20120313 (Red Hat 4.4.7-11) (GCC) 
configure:2524: $? = 0
configure:2513: gcc -V >&5
gcc: '-V' option must have argument
configure:2524: $? = 1
configure:2513: gcc -qversion >&5
gcc: unrecognized option '-qversion'
gcc: no input files
configure:2524: $? = 1
configure:2544: checking whether the C compiler works
configure:2566: gcc    conftest.c  >&5
configure:2570: $? = 0
configure:2618: result: yes
configure:2621: checking for C compiler default output file name
configure:2623: result: a.out
configure:2629: checking for suffix of executables
configure:2636: gcc -o conftest    conftest.c  >&5
configure:2640: $? = 0
configure:2662: result: 
configure:2684: checking whether we are cross compiling
configure:2692: gcc -o conftest    conftest.c  >&5
configure:2696: $? = 0
configure:2703: ./conftest
configure:2707: $? = 0
configure:2722: result: no
configure:2727: checking for suffix of object files
configure:2749: gcc -c   conftest.c >&5
configure:2753: $? = 0
configure:2774: result: o
configure:2778: checking whether we are using the GNU C compiler
configure:2797: gcc -c   conftest.c >&5
configure:2797: $? = 0
configure:2806: result: yes
configure:2815: checking whether gcc accepts -g
configure:2835: gcc -c -g  conftest.c >&5
configure:2835: $? = 0
configure:2876: result: yes
configure:2893: checking for gcc option to accept ISO C89
configure:2956: gcc  -c -g -O2  conftest.c >&5
configure:2956: $? = 0
configure:2969: result: none needed
configure:2995: checking how to run the C preprocessor
configure:3026: gcc -E  conftest.c
configure:3026: $? = 0
configure:3040: gcc -E  conftest.c
conftest.c:9:28: error: ac_nonexistent.h: No such file or directory
configure:3040: $? = 1
configure: failed program was:
| /* confdefs.h */
| #define PACKAGE_NAME ""
| #define PACKAGE_TARNAME ""
| #define PACKAGE_VERSION ""
| #define PACKAGE_STRING ""
| #define PACKAGE_BUGREPORT ""
| #define PACKAGE_URL ""
| /* end confdefs.h.  */
| #include <ac_nonexistent.h>
configure:3065: result: gcc -E
configure:3085: gcc -E  conftest.c
configure:3085: $? = 0
configure:3099: gcc -E  conftest.c
conftest.c:9:28: error: ac_nonexistent.h: No such file or directory
configure:3099: $? = 1
configure: failed program was:
| /* confdefs.h */
| #define PACKAGE_NAME ""
| #define PACKAGE_TARNAME ""
| #define PACKAGE_VERSION ""
| #define PACKAGE_STRING ""
| #define PACKAGE_BUGREPORT ""
| #define PACKAGE_URL ""
| /* end confdefs.h.  */
| #include <ac_nonexistent.h>
configure:3128: checking for grep that handles long lines and -e
configure:3186: result: /bin/grep
configure:3191: checking for egrep
configure:3253: result: /bin/grep -E
configure:3258: checking for ANSI C header files
configure:3278: gcc -c -g -O2  conftest.c >&5
configure:3278: $? = 0
configure:3351: gcc -o conftest -g -O2   conftest.c  >&5
configure:3351: $? = 0
configure:3351: ./conftest
configure:3351: $? = 0
configure:3362: result: yes
configure:3375: checking for sys/types.h
configure:3375: gcc -c -g -O2  conftest.c >&5
configure:3375: $? = 0
configure:3375: result: yes
configure:3375: checking for sys/stat.h
configure:3375: gcc -c -g -O2  conftest.c >&5
configure:3375: $? = 0
configure:3375: result: yes
configure:3375: checking for stdlib.h
configure:3375: gcc -c -g -O2  conftest.c >&5
configure:3375: $? = 0
configure:3375: result: yes
configure:3375: checking for string.h
configure:3375: gcc -c -g -O2  conftest.c >&5
configure:3375: $? = 0
configure:3375: result: yes
configure:3375: checking for memory.h
configure:3375: gcc -c -g -O2  conftest.c >&5
configure:3375: $? = 0
configure:3375: result: yes
configure:3375: checking for strings.h
configure:3375: gcc -c -g -O2  conftest.c >&5
configure:3375: $? = 0
configure:3375: result: yes
configure:3375: checking for inttypes.h
configure:3375: gcc -c -g -O2  conftest.c >&5
configure:3375: $? = 0
configure:3375: result: yes
configure:3375: checking for stdint.h
configure:3375: gcc -c -g -O2  conftest.c >&5
configure:3375: $? = 0
configure:3375: result: yes
configure:3375: checking for unistd.h
configure:3375: gcc -c -g -O2  conftest.c >&5
configure:3375: $? = 0
configure:3375: result: yes
configure:3388: checking minix/config.h usability
configure:3388: gcc -c -g -O2  conftest.c >&5
conftest.c:52:26: error: minix/config.h: No such file or directory
configure:3388: $? = 1
configure: failed program was:
| /* confdefs.h */
| #define PACKAGE_NAME ""
| #define PACKAGE_TARNAME ""
| #define PACKAGE_VERSION ""
| #define PACKAGE_STRING ""
| #define PACKAGE_BUGREPORT ""
| #define PACKAGE_URL ""
| #define STDC_HEADERS 1
| #define HAVE_SYS_TYPES_H 1
| #define HAVE_SYS_STAT_H 1
| #define HAVE_STDLIB_H 1
| #define HAVE_STRING_H 1
| #define HAVE_MEMORY_H 1
| #define HAVE_STRINGS_H 1
| #define HAVE_INTTYPES_H 1
| #define HAVE_STDINT_H 1
| #define HAVE_UNISTD_H 1
| /* end confdefs.h.  */
| #include <stdio.h>
| #ifdef HAVE_SYS_TYPES_H
| # include <sys/types.h>
| #endif
| #ifdef HAVE_SYS_STAT_H
| # include <sys/stat.h>
| #endif
| #ifdef STDC_HEADERS
| # include <stdlib.h>
| # include <stddef.h>
| #else
| # ifdef HAVE_STDLIB_H
| #  include <stdlib.h>
| # endif
| #endif
| #ifdef HAVE_STRING_H
| # if !defined STDC_HEADERS && defined HAVE_MEMORY_H
| #  include <memory.h>
| # endif
| # include <string.h>
| #endif
| #ifdef HAVE_STRINGS_H
| # include <strings.h>
| #endif
| #ifdef HAVE_INTTYPES_H
| # include <inttypes.h>
| #endif
| #ifdef HAVE_STDINT_H
| # include <stdint.h>
| #endif
| #ifdef HAVE_UNISTD_H
| # include <unistd.h>
| #endif
| #include <minix/config.h>
configure:3388: result: no
configure:3388: checking minix/config.h presence
configure:3388: gcc -E  conftest.c
conftest.c:19:26: error: minix/config.h: No such file or directory
configure:3388: $? = 1
configure: failed program was:
| /* confdefs.h */
| #define PACKAGE_NAME ""
| #define PACKAGE_TARNAME ""
| #define PACKAGE_VERSION ""
| #define PACKAGE_STRING ""
| #define PACKAGE_BUGREPORT ""
| #define PACKAGE_URL ""
| #define STDC_HEADERS 1
| #define HAVE_SYS_TYPES_H 1
| #define HAVE_SYS_STAT_H 1
| #define HAVE_STDLIB_H 1
| #define HAVE_STRING_H 1
| #define HAVE_MEMORY_H 1
| #define HAVE_STRINGS_H 1
| #define HAVE_INTTYPES_H 1
| #define HAVE_STDINT_H 1
| #define HAVE_UNISTD_H 1
| /* end confdefs.h.  */
| #include <minix/config.h>
configure:3388: result: no
configure:3388: checking for minix/config.h
configure:3388: result: no
configure:3409: checking whether it is safe to define __EXTENSIONS__
configure:3427: gcc -c -g -O2  conftest.c >&5
configure:3427: $? = 0
configure:3434: result: yes
configure:3936: checking whether make sets $(MAKE)
configure:3958: result: yes
configure:4015: checking for gcc
configure:4042: result: gcc
configure:4271: checking for C compiler version
configure:4280: gcc --version >&5
gcc (GCC) 4.4.7 20120313 (Red Hat 4.4.7-11)
Copyright (C) 2010 Free Software Foundation, Inc.
This is free software; see the source for copying conditions.  There is NO
warranty; not even for MERCHANTABILITY or FITNESS FOR A PARTICULAR PURPOSE.

configure:4291: $? = 0
configure:4280: gcc -v >&5
Using built-in specs.
Target: x86_64-redhat-linux
Configured with: ../configure --prefix=/usr --mandir=/usr/share/man --infodir=/usr/share/info --with-bugurl=http://bugzilla.redhat.com/bugzilla --enable-bootstrap --enable-shared --enable-threads=posix --enable-checking=release --with-system-zlib --enable-__cxa_atexit --disable-libunwind-exceptions --enable-gnu-unique-object --enable-languages=c,c++,objc,obj-c++,java,fortran,ada --enable-java-awt=gtk --disable-dssi --with-java-home=/usr/lib/jvm/java-1.5.0-gcj-1.5.0.0/jre --enable-libgcj-multifile --enable-java-maintainer-mode --with-ecj-jar=/usr/share/java/eclipse-ecj.jar --disable-libjava-multilib --with-ppl --with-cloog --with-tune=generic --with-arch_32=i686 --build=x86_64-redhat-linux
Thread model: posix
gcc version 4.4.7 20120313 (Red Hat 4.4.7-11) (GCC) 
configure:4291: $? = 0
configure:4280: gcc -V >&5
gcc: '-V' option must have argument
configure:4291: $? = 1
configure:4280: gcc -qversion >&5
gcc: unrecognized option '-qversion'
gcc: no input files
configure:4291: $? = 1
configure:4295: checking whether we are using the GNU C compiler
configure:4323: result: yes
configure:4332: checking whether gcc accepts -g
configure:4393: result: yes
configure:4410: checking for gcc option to accept ISO C89
configure:4486: result: none needed
configure:4511: checking how to run the C preprocessor
configure:4581: result: gcc -E
configure:4601: gcc -E  -DMAXCONN=16384 conftest.c
configure:4601: $? = 0
configure:4615: gcc -E  -DMAXCONN=16384 conftest.c
conftest.c:24:28: error: ac_nonexistent.h: No such file or directory
configure:4615: $? = 1
configure: failed program was:
| /* confdefs.h */
| #define PACKAGE_NAME ""
| #define PACKAGE_TARNAME ""
| #define PACKAGE_VERSION ""
| #define PACKAGE_STRING ""
| #define PACKAGE_BUGREPORT ""
| #define PACKAGE_URL ""
| #define STDC_HEADERS 1
| #define HAVE_SYS_TYPES_H 1
| #define HAVE_SYS_STAT_H 1
| #define HAVE_STDLIB_H 1
| #define HAVE_STRING_H 1
| #define HAVE_MEMORY_H 1
| #define HAVE_STRINGS_H 1
| #define HAVE_INTTYPES_H 1
| #define HAVE_STDINT_H 1
| #define HAVE_UNISTD_H 1
| #define __EXTENSIONS__ 1
| #define _ALL_SOURCE 1
| #define _GNU_SOURCE 1
| #define _POSIX_PTHREAD_SEMANTICS 1
| #define _TANDEM_SOURCE 1
| /* end confdefs.h.  */
| #include <ac_nonexistent.h>
configure:4645: checking for ar
configure:4663: found /usr/bin/ar
configure:4675: result: /usr/bin/ar
configure:4726: checking whether byte ordering is bigendian
configure:4741: gcc -c -g -O2 -pipe -ffast-math -Wall -Wextra -Wno-sign-compare -std=c99  -DMAXCONN=16384 -I../common conftest.c >&5
conftest.c:25: error: expected '=', ',', ';', 'asm' or '__attribute__' before 'a'
configure:4741: $? = 1
configure: failed program was:
| /* confdefs.h */
| #define PACKAGE_NAME ""
| #define PACKAGE_TARNAME ""
| #define PACKAGE_VERSION ""
| #define PACKAGE_STRING ""
| #define PACKAGE_BUGREPORT ""
| #define PACKAGE_URL ""
| #define STDC_HEADERS 1
| #define HAVE_SYS_TYPES_H 1
| #define HAVE_SYS_STAT_H 1
| #define HAVE_STDLIB_H 1
| #define HAVE_STRING_H 1
| #define HAVE_MEMORY_H 1
| #define HAVE_STRINGS_H 1
| #define HAVE_INTTYPES_H 1
| #define HAVE_STDINT_H 1
| #define HAVE_UNISTD_H 1
| #define __EXTENSIONS__ 1
| #define _ALL_SOURCE 1
| #define _GNU_SOURCE 1
| #define _POSIX_PTHREAD_SEMANTICS 1
| #define _TANDEM_SOURCE 1
| /* end confdefs.h.  */
| #ifndef __APPLE_CC__
| 	       not a universal capable compiler
| 	     #endif
| 	     typedef int dummy;
| 
configure:4786: gcc -c -g -O2 -pipe -ffast-math -Wall -Wextra -Wno-sign-compare -std=c99  -DMAXCONN=16384 -I../common conftest.c >&5
configure:4786: $? = 0
configure:4804: gcc -c -g -O2 -pipe -ffast-math -Wall -Wextra -Wno-sign-compare -std=c99  -DMAXCONN=16384 -I../common conftest.c >&5
conftest.c: In function 'main':
conftest.c:31: error: 'not' undeclared (first use in this function)
conftest.c:31: error: (Each undeclared identifier is reported only once
conftest.c:31: error: for each function it appears in.)
conftest.c:31: error: expected ';' before 'big'
configure:4804: $? = 1
configure: failed program was:
| /* confdefs.h */
| #define PACKAGE_NAME ""
| #define PACKAGE_TARNAME ""
| #define PACKAGE_VERSION ""
| #define PACKAGE_STRING ""
| #define PACKAGE_BUGREPORT ""
| #define PACKAGE_URL ""
| #define STDC_HEADERS 1
| #define HAVE_SYS_TYPES_H 1
| #define HAVE_SYS_STAT_H 1
| #define HAVE_STDLIB_H 1
| #define HAVE_STRING_H 1
| #define HAVE_MEMORY_H 1
| #define HAVE_STRINGS_H 1
| #define HAVE_INTTYPES_H 1
| #define HAVE_STDINT_H 1
| #define HAVE_UNISTD_H 1
| #define __EXTENSIONS__ 1
| #define _ALL_SOURCE 1
| #define _GNU_SOURCE 1
| #define _POSIX_PTHREAD_SEMANTICS 1
| #define _TANDEM_SOURCE 1
| /* end confdefs.h.  */
| #include <sys/types.h>
| 		#include <sys/param.h>
| 
| int
| main ()
| {
| #if BYTE_ORDER != BIG_ENDIAN
| 		 not big endian
| 		#endif
| 
|   ;
|   return 0;
| }
configure:4932: result: no
configure:5001: checking whether gcc produces 32bit code
configure:5019: gcc -o conftest -g -O2 -pipe -ffast-math -Wall -Wextra -Wno-sign-compare -std=c99  -DMAXCONN=16384 -I../common  conftest.c  >&5
conftest.c: In function 'main':
conftest.c:25: warning: unused parameter 'argc'
conftest.c:25: warning: unused parameter 'argv'
configure:5019: $? = 0
configure:5019: ./conftest
configure:5019: $? = 1
configure: program exited with status 1
configure: failed program was:
| /* confdefs.h */
| #define PACKAGE_NAME ""
| #define PACKAGE_TARNAME ""
| #define PACKAGE_VERSION ""
| #define PACKAGE_STRING ""
| #define PACKAGE_BUGREPORT ""
| #define PACKAGE_URL ""
| #define STDC_HEADERS 1
| #define HAVE_SYS_TYPES_H 1
| #define HAVE_SYS_STAT_H 1
| #define HAVE_STDLIB_H 1
| #define HAVE_STRING_H 1
| #define HAVE_MEMORY_H 1
| #define HAVE_STRINGS_H 1
| #define HAVE_INTTYPES_H 1
| #define HAVE_STDINT_H 1
| #define HAVE_UNISTD_H 1
| #define __EXTENSIONS__ 1
| #define _ALL_SOURCE 1
| #define _GNU_SOURCE 1
| #define _POSIX_PTHREAD_SEMANTICS 1
| #define _TANDEM_SOURCE 1
| /* end confdefs.h.  */
| 
| 		int main(int argc, char **argv){
| 			if(sizeof(void*) == 4) return 0;
| 			else return 1;
| 		}
| 
configure:5064: result: no
configure:5078: checking whether gcc supports __thread specifier (TLS)
configure:5097: gcc -o conftest -g -O2 -pipe -ffast-math -Wall -Wextra -Wno-sign-compare -std=c99  -DMAXCONN=16384 -I../common  conftest.c  >&5
conftest.c: In function 'main':
conftest.c:27: warning: unused parameter 'argc'
conftest.c:27: warning: unused parameter 'argv'
configure:5097: $? = 0
configure:5097: ./conftest
configure:5097: $? = 0
configure:5099: result: yes
configure:5122: checking whether gcc accepts -rdynamic
configure:5133: gcc -o conftest -g -O2 -pipe -ffast-math -Wall -Wextra -Wno-sign-compare -std=c99  -DMAXCONN=16384 -I../common -DHAS_TLS  -rdynamic conftest.c  >&5
conftest.c: In function 'main':
conftest.c:25: warning: unused parameter 'argc'
conftest.c:25: warning: unused parameter 'argv'
configure:5133: $? = 0
configure:5135: result: yes
configure:6078: checking whether gcc supports -Wno-unused-parameter
configure:6086: gcc -c -g -O2 -pipe -ffast-math -Wall -Wextra -Wno-sign-compare -std=c99 -Werror -Wno-unused-parameter  -DMAXCONN=16384 -I../common -DHAS_TLS conftest.c >&5
configure:6086: $? = 0
configure:6096: gcc -c -g -O2 -pipe -ffast-math -Wall -Wextra -Wno-sign-compare -std=c99 -Werror -Wunused-parameter  -DMAXCONN=16384 -I../common -DHAS_TLS conftest.c >&5
configure:6096: $? = 0
configure:6098: result: yes
configure:6103: checking whether gcc can actually use -Wno-unused-parameter
configure:6110: gcc -c -g -O2 -pipe -ffast-math -Wall -Wextra -Wno-sign-compare -std=c99 -Werror -Wunused-parameter  -DMAXCONN=16384 -I../common -DHAS_TLS conftest.c >&5
cc1: warnings being treated as errors
conftest.c: In function 'foo':
conftest.c:24: error: unused parameter 'bar'
configure:6110: $? = 1
configure: failed program was:
| /* confdefs.h */
| #define PACKAGE_NAME ""
| #define PACKAGE_TARNAME ""
| #define PACKAGE_VERSION ""
| #define PACKAGE_STRING ""
| #define PACKAGE_BUGREPORT ""
| #define PACKAGE_URL ""
| #define STDC_HEADERS 1
| #define HAVE_SYS_TYPES_H 1
| #define HAVE_SYS_STAT_H 1
| #define HAVE_STDLIB_H 1
| #define HAVE_STRING_H 1
| #define HAVE_MEMORY_H 1
| #define HAVE_STRINGS_H 1
| #define HAVE_INTTYPES_H 1
| #define HAVE_STDINT_H 1
| #define HAVE_UNISTD_H 1
| #define __EXTENSIONS__ 1
| #define _ALL_SOURCE 1
| #define _GNU_SOURCE 1
| #define _POSIX_PTHREAD_SEMANTICS 1
| #define _TANDEM_SOURCE 1
| /* end confdefs.h.  */
| int foo(int bar) { return 0; }
configure:6123: gcc -c -g -O2 -pipe -ffast-math -Wall -Wextra -Wno-sign-compare -std=c99 -Werror -Wno-unused-parameter  -DMAXCONN=16384 -I../common -DHAS_TLS conftest.c >&5
configure:6123: $? = 0
configure:6125: result: yes
configure:6166: checking whether gcc supports -Wno-clobbered
configure:6174: gcc -c -g -O2 -pipe -ffast-math -Wall -Wextra -Wno-sign-compare -std=c99 -Wno-unused-parameter -Werror -Wno-clobbered  -DMAXCONN=16384 -I../common -DHAS_TLS conftest.c >&5
configure:6174: $? = 0
configure:6184: gcc -c -g -O2 -pipe -ffast-math -Wall -Wextra -Wno-sign-compare -std=c99 -Wno-unused-parameter -Werror -Wclobbered  -DMAXCONN=16384 -I../common -DHAS_TLS conftest.c >&5
configure:6184: $? = 0
configure:6186: result: yes
configure:6254: checking whether gcc supports -Wempty-body
configure:6262: gcc -c -g -O2 -pipe -ffast-math -Wall -Wextra -Wno-sign-compare -std=c99 -Wno-unused-parameter -Wno-clobbered -Werror -Wempty-body  -DMAXCONN=16384 -I../common -DHAS_TLS conftest.c >&5
configure:6262: $? = 0
configure:6264: result: yes
configure:6303: checking whether gcc supports -Wnewline-eof
configure:6311: gcc -c -g -O2 -pipe -ffast-math -Wall -Wextra -Wno-sign-compare -std=c99 -Wno-unused-parameter -Wno-clobbered -Wempty-body -Werror -Wnewline-eof  -DMAXCONN=16384 -I../common -DHAS_TLS conftest.c >&5
cc1: error: unrecognized command line option "-Wnewline-eof"
configure:6311: $? = 1
configure: failed program was:
| /* confdefs.h */
| #define PACKAGE_NAME ""
| #define PACKAGE_TARNAME ""
| #define PACKAGE_VERSION ""
| #define PACKAGE_STRING ""
| #define PACKAGE_BUGREPORT ""
| #define PACKAGE_URL ""
| #define STDC_HEADERS 1
| #define HAVE_SYS_TYPES_H 1
| #define HAVE_SYS_STAT_H 1
| #define HAVE_STDLIB_H 1
| #define HAVE_STRING_H 1
| #define HAVE_MEMORY_H 1
| #define HAVE_STRINGS_H 1
| #define HAVE_INTTYPES_H 1
| #define HAVE_STDINT_H 1
| #define HAVE_UNISTD_H 1
| #define __EXTENSIONS__ 1
| #define _ALL_SOURCE 1
| #define _GNU_SOURCE 1
| #define _POSIX_PTHREAD_SEMANTICS 1
| #define _TANDEM_SOURCE 1
| /* end confdefs.h.  */
| int foo;
configure:6342: result: no
configure:6352: checking whether gcc supports -Wint-conversion
configure:6360: gcc -c -g -O2 -pipe -ffast-math -Wall -Wextra -Wno-sign-compare -std=c99 -Wno-unused-parameter -Wno-clobbered -Wempty-body -Werror -Wint-conversion  -DMAXCONN=16384 -I../common -DHAS_TLS conftest.c >&5
cc1: error: unrecognized command line option "-Wint-conversion"
configure:6360: $? = 1
configure: failed program was:
| /* confdefs.h */
| #define PACKAGE_NAME ""
| #define PACKAGE_TARNAME ""
| #define PACKAGE_VERSION ""
| #define PACKAGE_STRING ""
| #define PACKAGE_BUGREPORT ""
| #define PACKAGE_URL ""
| #define STDC_HEADERS 1
| #define HAVE_SYS_TYPES_H 1
| #define HAVE_SYS_STAT_H 1
| #define HAVE_STDLIB_H 1
| #define HAVE_STRING_H 1
| #define HAVE_MEMORY_H 1
| #define HAVE_STRINGS_H 1
| #define HAVE_INTTYPES_H 1
| #define HAVE_STDINT_H 1
| #define HAVE_UNISTD_H 1
| #define __EXTENSIONS__ 1
| #define _ALL_SOURCE 1
| #define _GNU_SOURCE 1
| #define _POSIX_PTHREAD_SEMANTICS 1
| #define _TANDEM_SOURCE 1
| /* end confdefs.h.  */
| int foo;
configure:6391: result: no
configure:6401: checking whether gcc supports -Winit-self
configure:6409: gcc -c -g -O2 -pipe -ffast-math -Wall -Wextra -Wno-sign-compare -std=c99 -Wno-unused-parameter -Wno-clobbered -Wempty-body -Werror -Winit-self  -DMAXCONN=16384 -I../common -DHAS_TLS conftest.c >&5
configure:6409: $? = 0
configure:6411: result: yes
configure:6450: checking whether gcc supports -Wpointer-arith
configure:6458: gcc -c -g -O2 -pipe -ffast-math -Wall -Wextra -Wno-sign-compare -std=c99 -Wno-unused-parameter -Wno-clobbered -Wempty-body -Winit-self -Werror -Wpointer-arith  -DMAXCONN=16384 -I../common -DHAS_TLS conftest.c >&5
configure:6458: $? = 0
configure:6460: result: yes
configure:6499: checking whether gcc supports -Wswitch-bool
configure:6507: gcc -c -g -O2 -pipe -ffast-math -Wall -Wextra -Wno-sign-compare -std=c99 -Wno-unused-parameter -Wno-clobbered -Wempty-body -Winit-self -Wpointer-arith -Werror -Wswitch-bool  -DMAXCONN=16384 -I../common -DHAS_TLS conftest.c >&5
cc1: error: unrecognized command line option "-Wswitch-bool"
configure:6507: $? = 1
configure: failed program was:
| /* confdefs.h */
| #define PACKAGE_NAME ""
| #define PACKAGE_TARNAME ""
| #define PACKAGE_VERSION ""
| #define PACKAGE_STRING ""
| #define PACKAGE_BUGREPORT ""
| #define PACKAGE_URL ""
| #define STDC_HEADERS 1
| #define HAVE_SYS_TYPES_H 1
| #define HAVE_SYS_STAT_H 1
| #define HAVE_STDLIB_H 1
| #define HAVE_STRING_H 1
| #define HAVE_MEMORY_H 1
| #define HAVE_STRINGS_H 1
| #define HAVE_INTTYPES_H 1
| #define HAVE_STDINT_H 1
| #define HAVE_UNISTD_H 1
| #define __EXTENSIONS__ 1
| #define _ALL_SOURCE 1
| #define _GNU_SOURCE 1
| #define _POSIX_PTHREAD_SEMANTICS 1
| #define _TANDEM_SOURCE 1
| /* end confdefs.h.  */
| int foo;
configure:6538: result: no
configure:6548: checking whether gcc supports -Wenum-conversion
configure:6556: gcc -c -g -O2 -pipe -ffast-math -Wall -Wextra -Wno-sign-compare -std=c99 -Wno-unused-parameter -Wno-clobbered -Wempty-body -Winit-self -Wpointer-arith -Werror -Wenum-conversion  -DMAXCONN=16384 -I../common -DHAS_TLS conftest.c >&5
cc1: error: unrecognized command line option "-Wenum-conversion"
configure:6556: $? = 1
configure: failed program was:
| /* confdefs.h */
| #define PACKAGE_NAME ""
| #define PACKAGE_TARNAME ""
| #define PACKAGE_VERSION ""
| #define PACKAGE_STRING ""
| #define PACKAGE_BUGREPORT ""
| #define PACKAGE_URL ""
| #define STDC_HEADERS 1
| #define HAVE_SYS_TYPES_H 1
| #define HAVE_SYS_STAT_H 1
| #define HAVE_STDLIB_H 1
| #define HAVE_STRING_H 1
| #define HAVE_MEMORY_H 1
| #define HAVE_STRINGS_H 1
| #define HAVE_INTTYPES_H 1
| #define HAVE_STDINT_H 1
| #define HAVE_UNISTD_H 1
| #define __EXTENSIONS__ 1
| #define _ALL_SOURCE 1
| #define _GNU_SOURCE 1
| #define _POSIX_PTHREAD_SEMANTICS 1
| #define _TANDEM_SOURCE 1
| /* end confdefs.h.  */
| int foo;
configure:6587: result: no
configure:6597: checking whether gcc supports -Wshorten-64-to-32
configure:6605: gcc -c -g -O2 -pipe -ffast-math -Wall -Wextra -Wno-sign-compare -std=c99 -Wno-unused-parameter -Wno-clobbered -Wempty-body -Winit-self -Wpointer-arith -Werror -Wshorten-64-to-32  -DMAXCONN=16384 -I../common -DHAS_TLS conftest.c >&5
cc1: error: unrecognized command line option "-Wshorten-64-to-32"
configure:6605: $? = 1
configure: failed program was:
| /* confdefs.h */
| #define PACKAGE_NAME ""
| #define PACKAGE_TARNAME ""
| #define PACKAGE_VERSION ""
| #define PACKAGE_STRING ""
| #define PACKAGE_BUGREPORT ""
| #define PACKAGE_URL ""
| #define STDC_HEADERS 1
| #define HAVE_SYS_TYPES_H 1
| #define HAVE_SYS_STAT_H 1
| #define HAVE_STDLIB_H 1
| #define HAVE_STRING_H 1
| #define HAVE_MEMORY_H 1
| #define HAVE_STRINGS_H 1
| #define HAVE_INTTYPES_H 1
| #define HAVE_STDINT_H 1
| #define HAVE_UNISTD_H 1
| #define __EXTENSIONS__ 1
| #define _ALL_SOURCE 1
| #define _GNU_SOURCE 1
| #define _POSIX_PTHREAD_SEMANTICS 1
| #define _TANDEM_SOURCE 1
| /* end confdefs.h.  */
| int foo;
configure:6636: result: no
configure:6646: checking whether gcc supports -Wconstant-conversion
configure:6654: gcc -c -g -O2 -pipe -ffast-math -Wall -Wextra -Wno-sign-compare -std=c99 -Wno-unused-parameter -Wno-clobbered -Wempty-body -Winit-self -Wpointer-arith -Werror -Wconstant-conversion  -DMAXCONN=16384 -I../common -DHAS_TLS conftest.c >&5
cc1: error: unrecognized command line option "-Wconstant-conversion"
configure:6654: $? = 1
configure: failed program was:
| /* confdefs.h */
| #define PACKAGE_NAME ""
| #define PACKAGE_TARNAME ""
| #define PACKAGE_VERSION ""
| #define PACKAGE_STRING ""
| #define PACKAGE_BUGREPORT ""
| #define PACKAGE_URL ""
| #define STDC_HEADERS 1
| #define HAVE_SYS_TYPES_H 1
| #define HAVE_SYS_STAT_H 1
| #define HAVE_STDLIB_H 1
| #define HAVE_STRING_H 1
| #define HAVE_MEMORY_H 1
| #define HAVE_STRINGS_H 1
| #define HAVE_INTTYPES_H 1
| #define HAVE_STDINT_H 1
| #define HAVE_UNISTD_H 1
| #define __EXTENSIONS__ 1
| #define _ALL_SOURCE 1
| #define _GNU_SOURCE 1
| #define _POSIX_PTHREAD_SEMANTICS 1
| #define _TANDEM_SOURCE 1
| /* end confdefs.h.  */
| int foo;
configure:6685: result: no
configure:6695: checking whether gcc supports -Wbool-conversion
configure:6703: gcc -c -g -O2 -pipe -ffast-math -Wall -Wextra -Wno-sign-compare -std=c99 -Wno-unused-parameter -Wno-clobbered -Wempty-body -Winit-self -Wpointer-arith -Werror -Wbool-conversion  -DMAXCONN=16384 -I../common -DHAS_TLS conftest.c >&5
cc1: error: unrecognized command line option "-Wbool-conversion"
configure:6703: $? = 1
configure: failed program was:
| /* confdefs.h */
| #define PACKAGE_NAME ""
| #define PACKAGE_TARNAME ""
| #define PACKAGE_VERSION ""
| #define PACKAGE_STRING ""
| #define PACKAGE_BUGREPORT ""
| #define PACKAGE_URL ""
| #define STDC_HEADERS 1
| #define HAVE_SYS_TYPES_H 1
| #define HAVE_SYS_STAT_H 1
| #define HAVE_STDLIB_H 1
| #define HAVE_STRING_H 1
| #define HAVE_MEMORY_H 1
| #define HAVE_STRINGS_H 1
| #define HAVE_INTTYPES_H 1
| #define HAVE_STDINT_H 1
| #define HAVE_UNISTD_H 1
| #define __EXTENSIONS__ 1
| #define _ALL_SOURCE 1
| #define _GNU_SOURCE 1
| #define _POSIX_PTHREAD_SEMANTICS 1
| #define _TANDEM_SOURCE 1
| /* end confdefs.h.  */
| int foo;
configure:6734: result: no
configure:6744: checking whether gcc supports -Wformat-security
configure:6752: gcc -c -g -O2 -pipe -ffast-math -Wall -Wextra -Wno-sign-compare -std=c99 -Wno-unused-parameter -Wno-clobbered -Wempty-body -Winit-self -Wpointer-arith -Werror -Wformat-security  -DMAXCONN=16384 -I../common -DHAS_TLS conftest.c >&5
configure:6752: $? = 0
configure:6754: result: yes
configure:6793: checking whether gcc supports -Wformat
configure:6801: gcc -c -g -O2 -pipe -ffast-math -Wall -Wextra -Wno-sign-compare -std=c99 -Wno-unused-parameter -Wno-clobbered -Wempty-body -Winit-self -Wpointer-arith -Wformat-security -Werror -Wformat  -DMAXCONN=16384 -I../common -DHAS_TLS conftest.c >&5
configure:6801: $? = 0
configure:6803: result: yes
configure:6842: checking whether gcc supports -Wformat-signedness
configure:6850: gcc -c -g -O2 -pipe -ffast-math -Wall -Wextra -Wno-sign-compare -std=c99 -Wno-unused-parameter -Wno-clobbered -Wempty-body -Winit-self -Wpointer-arith -Wformat-security -Wformat -Werror -Wformat-signedness  -DMAXCONN=16384 -I../common -DHAS_TLS conftest.c >&5
cc1: error: unrecognized command line option "-Wformat-signedness"
configure:6850: $? = 1
configure: failed program was:
| /* confdefs.h */
| #define PACKAGE_NAME ""
| #define PACKAGE_TARNAME ""
| #define PACKAGE_VERSION ""
| #define PACKAGE_STRING ""
| #define PACKAGE_BUGREPORT ""
| #define PACKAGE_URL ""
| #define STDC_HEADERS 1
| #define HAVE_SYS_TYPES_H 1
| #define HAVE_SYS_STAT_H 1
| #define HAVE_STDLIB_H 1
| #define HAVE_STRING_H 1
| #define HAVE_MEMORY_H 1
| #define HAVE_STRINGS_H 1
| #define HAVE_INTTYPES_H 1
| #define HAVE_STDINT_H 1
| #define HAVE_UNISTD_H 1
| #define __EXTENSIONS__ 1
| #define _ALL_SOURCE 1
| #define _GNU_SOURCE 1
| #define _POSIX_PTHREAD_SEMANTICS 1
| #define _TANDEM_SOURCE 1
| /* end confdefs.h.  */
| int foo;
configure:6881: result: no
configure:6891: checking whether gcc supports -Wformat-y2k
configure:6899: gcc -c -g -O2 -pipe -ffast-math -Wall -Wextra -Wno-sign-compare -std=c99 -Wno-unused-parameter -Wno-clobbered -Wempty-body -Winit-self -Wpointer-arith -Wformat-security -Wformat -Werror -Wformat-y2k  -DMAXCONN=16384 -I../common -DHAS_TLS conftest.c >&5
configure:6899: $? = 0
configure:6901: result: yes
configure:6940: checking whether gcc supports -Wmissing-include-dirs
configure:6948: gcc -c -g -O2 -pipe -ffast-math -Wall -Wextra -Wno-sign-compare -std=c99 -Wno-unused-parameter -Wno-clobbered -Wempty-body -Winit-self -Wpointer-arith -Wformat-security -Wformat -Wformat-y2k -Werror -Wmissing-include-dirs  -DMAXCONN=16384 -I../common -DHAS_TLS conftest.c >&5
cc1: error: ../common: No such file or directory
configure:6948: $? = 1
configure: failed program was:
| /* confdefs.h */
| #define PACKAGE_NAME ""
| #define PACKAGE_TARNAME ""
| #define PACKAGE_VERSION ""
| #define PACKAGE_STRING ""
| #define PACKAGE_BUGREPORT ""
| #define PACKAGE_URL ""
| #define STDC_HEADERS 1
| #define HAVE_SYS_TYPES_H 1
| #define HAVE_SYS_STAT_H 1
| #define HAVE_STDLIB_H 1
| #define HAVE_STRING_H 1
| #define HAVE_MEMORY_H 1
| #define HAVE_STRINGS_H 1
| #define HAVE_INTTYPES_H 1
| #define HAVE_STDINT_H 1
| #define HAVE_UNISTD_H 1
| #define __EXTENSIONS__ 1
| #define _ALL_SOURCE 1
| #define _GNU_SOURCE 1
| #define _POSIX_PTHREAD_SEMANTICS 1
| #define _TANDEM_SOURCE 1
| /* end confdefs.h.  */
| int foo;
configure:6979: result: no
configure:6989: checking whether gcc supports -Wsuggest-attribute=noreturn
configure:6997: gcc -c -g -O2 -pipe -ffast-math -Wall -Wextra -Wno-sign-compare -std=c99 -Wno-unused-parameter -Wno-clobbered -Wempty-body -Winit-self -Wpointer-arith -Wformat-security -Wformat -Wformat-y2k -Werror -Wsuggest-attribute=noreturn  -DMAXCONN=16384 -I../common -DHAS_TLS conftest.c >&5
cc1: error: unrecognized command line option "-Wsuggest-attribute=noreturn"
configure:6997: $? = 1
configure: failed program was:
| /* confdefs.h */
| #define PACKAGE_NAME ""
| #define PACKAGE_TARNAME ""
| #define PACKAGE_VERSION ""
| #define PACKAGE_STRING ""
| #define PACKAGE_BUGREPORT ""
| #define PACKAGE_URL ""
| #define STDC_HEADERS 1
| #define HAVE_SYS_TYPES_H 1
| #define HAVE_SYS_STAT_H 1
| #define HAVE_STDLIB_H 1
| #define HAVE_STRING_H 1
| #define HAVE_MEMORY_H 1
| #define HAVE_STRINGS_H 1
| #define HAVE_INTTYPES_H 1
| #define HAVE_STDINT_H 1
| #define HAVE_UNISTD_H 1
| #define __EXTENSIONS__ 1
| #define _ALL_SOURCE 1
| #define _GNU_SOURCE 1
| #define _POSIX_PTHREAD_SEMANTICS 1
| #define _TANDEM_SOURCE 1
| /* end confdefs.h.  */
| int foo;
configure:7028: result: no
configure:7038: checking whether gcc supports -Wundef
configure:7046: gcc -c -g -O2 -pipe -ffast-math -Wall -Wextra -Wno-sign-compare -std=c99 -Wno-unused-parameter -Wno-clobbered -Wempty-body -Winit-self -Wpointer-arith -Wformat-security -Wformat -Wformat-y2k -Werror -Wundef  -DMAXCONN=16384 -I../common -DHAS_TLS conftest.c >&5
configure:7046: $? = 0
configure:7048: result: yes
configure:7089: checking whether gcc supports -Wnested-externs
configure:7097: gcc -c -g -O2 -pipe -ffast-math -Wall -Wextra -Wno-sign-compare -std=c99 -Wno-unused-parameter -Wno-clobbered -Wempty-body -Winit-self -Wpointer-arith -Wformat-security -Wformat -Wformat-y2k -Wundef -Werror -Wnested-externs  -DMAXCONN=16384 -I../common -DHAS_TLS conftest.c >&5
configure:7097: $? = 0
configure:7099: result: yes
configure:7138: checking whether gcc supports -Wold-style-definition
configure:7146: gcc -c -g -O2 -pipe -ffast-math -Wall -Wextra -Wno-sign-compare -std=c99 -Wno-unused-parameter -Wno-clobbered -Wempty-body -Winit-self -Wpointer-arith -Wformat-security -Wformat -Wformat-y2k -Wundef -Wnested-externs -Werror -Wold-style-definition  -DMAXCONN=16384 -I../common -DHAS_TLS conftest.c >&5
configure:7146: $? = 0
configure:7148: result: yes
configure:7187: checking whether gcc supports -Woverlength-strings
configure:7195: gcc -c -g -O2 -pipe -ffast-math -Wall -Wextra -Wno-sign-compare -std=c99 -Wno-unused-parameter -Wno-clobbered -Wempty-body -Winit-self -Wpointer-arith -Wformat-security -Wformat -Wformat-y2k -Wundef -Wnested-externs -Wold-style-definition -Werror -Woverlength-strings  -DMAXCONN=16384 -I../common -DHAS_TLS conftest.c >&5
configure:7195: $? = 0
configure:7197: result: yes
configure:7236: checking whether gcc supports -Wredundant-decls
configure:7244: gcc -c -g -O2 -pipe -ffast-math -Wall -Wextra -Wno-sign-compare -std=c99 -Wno-unused-parameter -Wno-clobbered -Wempty-body -Winit-self -Wpointer-arith -Wformat-security -Wformat -Wformat-y2k -Wundef -Wnested-externs -Wold-style-definition -Woverlength-strings -Werror -Wredundant-decls  -DMAXCONN=16384 -I../common -DHAS_TLS conftest.c >&5
configure:7244: $? = 0
configure:7246: result: yes
configure:7285: checking whether gcc supports -Wcast-qual
configure:7293: gcc -c -g -O2 -pipe -ffast-math -Wall -Wextra -Wno-sign-compare -std=c99 -Wno-unused-parameter -Wno-clobbered -Wempty-body -Winit-self -Wpointer-arith -Wformat-security -Wformat -Wformat-y2k -Wundef -Wnested-externs -Wold-style-definition -Woverlength-strings -Wredundant-decls -Werror -Wcast-qual  -DMAXCONN=16384 -I../common -DHAS_TLS conftest.c >&5
configure:7293: $? = 0
configure:7295: result: yes
configure:7334: checking whether gcc supports -Wmisleading-indentation
configure:7342: gcc -c -g -O2 -pipe -ffast-math -Wall -Wextra -Wno-sign-compare -std=c99 -Wno-unused-parameter -Wno-clobbered -Wempty-body -Winit-self -Wpointer-arith -Wformat-security -Wformat -Wformat-y2k -Wundef -Wnested-externs -Wold-style-definition -Woverlength-strings -Wredundant-decls -Wcast-qual -Werror -Wmisleading-indentation  -DMAXCONN=16384 -I../common -DHAS_TLS conftest.c >&5
cc1: error: unrecognized command line option "-Wmisleading-indentation"
configure:7342: $? = 1
configure: failed program was:
| /* confdefs.h */
| #define PACKAGE_NAME ""
| #define PACKAGE_TARNAME ""
| #define PACKAGE_VERSION ""
| #define PACKAGE_STRING ""
| #define PACKAGE_BUGREPORT ""
| #define PACKAGE_URL ""
| #define STDC_HEADERS 1
| #define HAVE_SYS_TYPES_H 1
| #define HAVE_SYS_STAT_H 1
| #define HAVE_STDLIB_H 1
| #define HAVE_STRING_H 1
| #define HAVE_MEMORY_H 1
| #define HAVE_STRINGS_H 1
| #define HAVE_INTTYPES_H 1
| #define HAVE_STDINT_H 1
| #define HAVE_UNISTD_H 1
| #define __EXTENSIONS__ 1
| #define _ALL_SOURCE 1
| #define _GNU_SOURCE 1
| #define _POSIX_PTHREAD_SEMANTICS 1
| #define _TANDEM_SOURCE 1
| /* end confdefs.h.  */
| int foo;
configure:7373: result: no
configure:7383: checking whether gcc supports -Wnull-dereference
configure:7391: gcc -c -g -O2 -pipe -ffast-math -Wall -Wextra -Wno-sign-compare -std=c99 -Wno-unused-parameter -Wno-clobbered -Wempty-body -Winit-self -Wpointer-arith -Wformat-security -Wformat -Wformat-y2k -Wundef -Wnested-externs -Wold-style-definition -Woverlength-strings -Wredundant-decls -Wcast-qual -Werror -Wnull-dereference  -DMAXCONN=16384 -I../common -DHAS_TLS conftest.c >&5
cc1: error: unrecognized command line option "-Wnull-dereference"
configure:7391: $? = 1
configure: failed program was:
| /* confdefs.h */
| #define PACKAGE_NAME ""
| #define PACKAGE_TARNAME ""
| #define PACKAGE_VERSION ""
| #define PACKAGE_STRING ""
| #define PACKAGE_BUGREPORT ""
| #define PACKAGE_URL ""
| #define STDC_HEADERS 1
| #define HAVE_SYS_TYPES_H 1
| #define HAVE_SYS_STAT_H 1
| #define HAVE_STDLIB_H 1
| #define HAVE_STRING_H 1
| #define HAVE_MEMORY_H 1
| #define HAVE_STRINGS_H 1
| #define HAVE_INTTYPES_H 1
| #define HAVE_STDINT_H 1
| #define HAVE_UNISTD_H 1
| #define __EXTENSIONS__ 1
| #define _ALL_SOURCE 1
| #define _GNU_SOURCE 1
| #define _POSIX_PTHREAD_SEMANTICS 1
| #define _TANDEM_SOURCE 1
| /* end confdefs.h.  */
| int foo;
configure:7422: result: no
configure:7432: checking whether gcc supports -Wno-format-nonliteral
configure:7440: gcc -c -g -O2 -pipe -ffast-math -Wall -Wextra -Wno-sign-compare -std=c99 -Wno-unused-parameter -Wno-clobbered -Wempty-body -Winit-self -Wpointer-arith -Wformat-security -Wformat -Wformat-y2k -Wundef -Wnested-externs -Wold-style-definition -Woverlength-strings -Wredundant-decls -Wcast-qual -Werror -Wno-format-nonliteral  -DMAXCONN=16384 -I../common -DHAS_TLS conftest.c >&5
configure:7440: $? = 0
configure:7450: gcc -c -g -O2 -pipe -ffast-math -Wall -Wextra -Wno-sign-compare -std=c99 -Wno-unused-parameter -Wno-clobbered -Wempty-body -Winit-self -Wpointer-arith -Wformat-security -Wformat -Wformat-y2k -Wundef -Wnested-externs -Wold-style-definition -Woverlength-strings -Wredundant-decls -Wcast-qual -Werror -Wformat-nonliteral  -DMAXCONN=16384 -I../common -DHAS_TLS conftest.c >&5
configure:7450: $? = 0
configure:7452: result: yes
configure:7520: checking whether gcc supports -Wno-switch
configure:7528: gcc -c -g -O2 -pipe -ffast-math -Wall -Wextra -Wno-sign-compare -std=c99 -Wno-unused-parameter -Wno-clobbered -Wempty-body -Winit-self -Wpointer-arith -Wformat-security -Wformat -Wformat-y2k -Wundef -Wnested-externs -Wold-style-definition -Woverlength-strings -Wredundant-decls -Wcast-qual -Wno-format-nonliteral -Werror -Wno-switch  -DMAXCONN=16384 -I../common -DHAS_TLS conftest.c >&5
configure:7528: $? = 0
configure:7538: gcc -c -g -O2 -pipe -ffast-math -Wall -Wextra -Wno-sign-compare -std=c99 -Wno-unused-parameter -Wno-clobbered -Wempty-body -Winit-self -Wpointer-arith -Wformat-security -Wformat -Wformat-y2k -Wundef -Wnested-externs -Wold-style-definition -Woverlength-strings -Wredundant-decls -Wcast-qual -Wno-format-nonliteral -Werror -Wswitch  -DMAXCONN=16384 -I../common -DHAS_TLS conftest.c >&5
configure:7538: $? = 0
configure:7540: result: yes
configure:7608: checking whether gcc supports -Wno-missing-field-initializers
configure:7616: gcc -c -g -O2 -pipe -ffast-math -Wall -Wextra -Wno-sign-compare -std=c99 -Wno-unused-parameter -Wno-clobbered -Wempty-body -Winit-self -Wpointer-arith -Wformat-security -Wformat -Wformat-y2k -Wundef -Wnested-externs -Wold-style-definition -Woverlength-strings -Wredundant-decls -Wcast-qual -Wno-format-nonliteral -Wno-switch -Werror -Wno-missing-field-initializers  -DMAXCONN=16384 -I../common -DHAS_TLS conftest.c >&5
configure:7616: $? = 0
configure:7626: gcc -c -g -O2 -pipe -ffast-math -Wall -Wextra -Wno-sign-compare -std=c99 -Wno-unused-parameter -Wno-clobbered -Wempty-body -Winit-self -Wpointer-arith -Wformat-security -Wformat -Wformat-y2k -Wundef -Wnested-externs -Wold-style-definition -Woverlength-strings -Wredundant-decls -Wcast-qual -Wno-format-nonliteral -Wno-switch -Werror -Wmissing-field-initializers  -DMAXCONN=16384 -I../common -DHAS_TLS conftest.c >&5
configure:7626: $? = 0
configure:7628: result: yes
configure:7696: checking whether gcc supports -Wno-suggest-attribute=format
configure:7704: gcc -c -g -O2 -pipe -ffast-math -Wall -Wextra -Wno-sign-compare -std=c99 -Wno-unused-parameter -Wno-clobbered -Wempty-body -Winit-self -Wpointer-arith -Wformat-security -Wformat -Wformat-y2k -Wundef -Wnested-externs -Wold-style-definition -Woverlength-strings -Wredundant-decls -Wcast-qual -Wno-format-nonliteral -Wno-switch -Wno-missing-field-initializers -Werror -Wno-suggest-attribute=format  -DMAXCONN=16384 -I../common -DHAS_TLS conftest.c >&5
configure:7704: $? = 0
configure:7714: gcc -c -g -O2 -pipe -ffast-math -Wall -Wextra -Wno-sign-compare -std=c99 -Wno-unused-parameter -Wno-clobbered -Wempty-body -Winit-self -Wpointer-arith -Wformat-security -Wformat -Wformat-y2k -Wundef -Wnested-externs -Wold-style-definition -Woverlength-strings -Wredundant-decls -Wcast-qual -Wno-format-nonliteral -Wno-switch -Wno-missing-field-initializers -Werror -Wsuggest-attribute=format  -DMAXCONN=16384 -I../common -DHAS_TLS conftest.c >&5
cc1: error: unrecognized command line option "-Wsuggest-attribute=format"
configure:7714: $? = 1
configure: failed program was:
| /* confdefs.h */
| #define PACKAGE_NAME ""
| #define PACKAGE_TARNAME ""
| #define PACKAGE_VERSION ""
| #define PACKAGE_STRING ""
| #define PACKAGE_BUGREPORT ""
| #define PACKAGE_URL ""
| #define STDC_HEADERS 1
| #define HAVE_SYS_TYPES_H 1
| #define HAVE_SYS_STAT_H 1
| #define HAVE_STDLIB_H 1
| #define HAVE_STRING_H 1
| #define HAVE_MEMORY_H 1
| #define HAVE_STRINGS_H 1
| #define HAVE_INTTYPES_H 1
| #define HAVE_STDINT_H 1
| #define HAVE_UNISTD_H 1
| #define __EXTENSIONS__ 1
| #define _ALL_SOURCE 1
| #define _GNU_SOURCE 1
| #define _POSIX_PTHREAD_SEMANTICS 1
| #define _TANDEM_SOURCE 1
| /* end confdefs.h.  */
| int foo;
configure:7764: result: no
configure:7789: checking whether gcc supports -Wshadow
configure:7797: gcc -c -g -O2 -pipe -ffast-math -Wall -Wextra -Wno-sign-compare -std=c99 -Wno-unused-parameter -Wno-clobbered -Wempty-body -Winit-self -Wpointer-arith -Wformat-security -Wformat -Wformat-y2k -Wundef -Wnested-externs -Wold-style-definition -Woverlength-strings -Wredundant-decls -Wcast-qual -Wno-format-nonliteral -Wno-switch -Wno-missing-field-initializers -Werror -Wshadow  -DMAXCONN=16384 -I../common -DHAS_TLS conftest.c >&5
configure:7797: $? = 0
configure:7799: result: yes
configure:7838: checking whether gcc can efficiently use -Wshadow
configure:7854: gcc -c -g -O2 -pipe -ffast-math -Wall -Wextra -Wno-sign-compare -std=c99 -Wno-unused-parameter -Wno-clobbered -Wempty-body -Winit-self -Wpointer-arith -Wformat-security -Wformat -Wformat-y2k -Wundef -Wnested-externs -Wold-style-definition -Woverlength-strings -Wredundant-decls -Wcast-qual -Wno-format-nonliteral -Wno-switch -Wno-missing-field-initializers -Wshadow -Werror -Wshadow  -DMAXCONN=16384 -I../common -DHAS_TLS conftest.c >&5
cc1: warnings being treated as errors
conftest.c: In function 'bar':
conftest.c:29: error: declaration of 'foo' shadows a global declaration
conftest.c:25: error: shadowed declaration is here
configure:7854: $? = 1
configure: failed program was:
| /* confdefs.h */
| #define PACKAGE_NAME ""
| #define PACKAGE_TARNAME ""
| #define PACKAGE_VERSION ""
| #define PACKAGE_STRING ""
| #define PACKAGE_BUGREPORT ""
| #define PACKAGE_URL ""
| #define STDC_HEADERS 1
| #define HAVE_SYS_TYPES_H 1
| #define HAVE_SYS_STAT_H 1
| #define HAVE_STDLIB_H 1
| #define HAVE_STRING_H 1
| #define HAVE_MEMORY_H 1
| #define HAVE_STRINGS_H 1
| #define HAVE_INTTYPES_H 1
| #define HAVE_STDINT_H 1
| #define HAVE_UNISTD_H 1
| #define __EXTENSIONS__ 1
| #define _ALL_SOURCE 1
| #define _GNU_SOURCE 1
| #define _POSIX_PTHREAD_SEMANTICS 1
| #define _TANDEM_SOURCE 1
| /* end confdefs.h.  */
| 
| 			int foo(void) {
| 				return 0;
| 			}
| 			int bar(void) {
| 				int foo = 0;
| 				return foo + 1;
| 			}
| 
configure:7862: result: no
configure:7871: checking whether gcc supports -fPIC
configure:7879: gcc -c -g -O2 -pipe -ffast-math -Wall -Wextra -Wno-sign-compare -std=c99 -Wno-unused-parameter -Wno-clobbered -Wempty-body -Winit-self -Wpointer-arith -Wformat-security -Wformat -Wformat-y2k -Wundef -Wnested-externs -Wold-style-definition -Woverlength-strings -Wredundant-decls -Wcast-qual -Wno-format-nonliteral -Wno-switch -Wno-missing-field-initializers -fPIC  -DMAXCONN=16384 -I../common -DHAS_TLS conftest.c >&5
configure:7879: $? = 0
configure:7881: result: yes
configure:7898: checking how to make shared objects
configure:7917: gcc -o conftest -g -O2 -pipe -ffast-math -Wall -Wextra -Wno-sign-compare -std=c99 -Wno-unused-parameter -Wno-clobbered -Wempty-body -Winit-self -Wpointer-arith -Wformat-security -Wformat -Wformat-y2k -Wundef -Wnested-externs -Wold-style-definition -Woverlength-strings -Wredundant-decls -Wcast-qual -Wno-format-nonliteral -Wno-switch -Wno-missing-field-initializers  -fPIC -shared  -DMAXCONN=16384 -I../common -DHAS_TLS  -rdynamic conftest.c  >&5
configure:7917: $? = 0
configure:7939: gcc -o conftest -g -O2 -pipe -ffast-math -Wall -Wextra -Wno-sign-compare -std=c99 -Wno-unused-parameter -Wno-clobbered -Wempty-body -Winit-self -Wpointer-arith -Wformat-security -Wformat -Wformat-y2k -Wundef -Wnested-externs -Wold-style-definition -Woverlength-strings -Wredundant-decls -Wcast-qual -Wno-format-nonliteral -Wno-switch -Wno-missing-field-initializers  -fPIC -nostart  -DMAXCONN=16384 -I../common -DHAS_TLS  -rdynamic conftest.c  >&5
gcc: unrecognized option '-nostart'
/usr/lib/gcc/x86_64-redhat-linux/4.4.7/../../../../lib64/crt1.o: In function `_start':
(.text+0x20): undefined reference to `main'
collect2: ld returned 1 exit status
configure:7939: $? = 1
configure: failed program was:
| /* confdefs.h */
| #define PACKAGE_NAME ""
| #define PACKAGE_TARNAME ""
| #define PACKAGE_VERSION ""
| #define PACKAGE_STRING ""
| #define PACKAGE_BUGREPORT ""
| #define PACKAGE_URL ""
| #define STDC_HEADERS 1
| #define HAVE_SYS_TYPES_H 1
| #define HAVE_SYS_STAT_H 1
| #define HAVE_STDLIB_H 1
| #define HAVE_STRING_H 1
| #define HAVE_MEMORY_H 1
| #define HAVE_STRINGS_H 1
| #define HAVE_INTTYPES_H 1
| #define HAVE_STDINT_H 1
| #define HAVE_UNISTD_H 1
| #define __EXTENSIONS__ 1
| #define _ALL_SOURCE 1
| #define _GNU_SOURCE 1
| #define _POSIX_PTHREAD_SEMANTICS 1
| #define _TANDEM_SOURCE 1
| /* end confdefs.h.  */
| 
| 		int bar = 0;
| 
| 		int foo(void)
| 		{
| 			return bar;
| 		}
| 
configure:7956: result: -shared yes
configure:7965: checking whether gcc needs -Wl,--no-undefined to check for undefined references in shared objects
configure:7977: gcc -o conftest  -fPIC -shared  -DMAXCONN=16384 -I../common -DHAS_TLS  -rdynamic conftest.c  >&5
configure:7977: $? = 0
configure:7990: gcc -o conftest  -fPIC -shared -Wl,--no-undefined  -DMAXCONN=16384 -I../common -DHAS_TLS  -rdynamic conftest.c  >&5
configure:7990: $? = 0
configure:7992: result: yes
configure:8025: checking whether gcc supports -fno-strict-aliasing
configure:8033: gcc -c -g -O2 -pipe -ffast-math -Wall -Wextra -Wno-sign-compare -std=c99 -Wno-unused-parameter -Wno-clobbered -Wempty-body -Winit-self -Wpointer-arith -Wformat-security -Wformat -Wformat-y2k -Wundef -Wnested-externs -Wold-style-definition -Woverlength-strings -Wredundant-decls -Wcast-qual -Wno-format-nonliteral -Wno-switch -Wno-missing-field-initializers -fno-strict-aliasing  -DMAXCONN=16384 -I../common -DHAS_TLS conftest.c >&5
configure:8033: $? = 0
configure:8034: result: yes
configure:8055: checking for setrlimit
configure:8055: gcc -o conftest -g -O2 -pipe -ffast-math -Wall -Wextra -Wno-sign-compare -std=c99 -Wno-unused-parameter -Wno-clobbered -Wempty-body -Winit-self -Wpointer-arith -Wformat-security -Wformat -Wformat-y2k -Wundef -Wnested-externs -Wold-style-definition -Woverlength-strings -Wredundant-decls -Wcast-qual -Wno-format-nonliteral -Wno-switch -Wno-missing-field-initializers -fno-strict-aliasing  -DMAXCONN=16384 -I../common -DHAS_TLS  -rdynamic conftest.c  >&5
conftest.c: In function 'main':
conftest.c:56: warning: old-style function definition
configure:8055: $? = 0
configure:8055: result: yes
configure:8065: checking for strnlen
configure:8065: gcc -o conftest -g -O2 -pipe -ffast-math -Wall -Wextra -Wno-sign-compare -std=c99 -Wno-unused-parameter -Wno-clobbered -Wempty-body -Winit-self -Wpointer-arith -Wformat-security -Wformat -Wformat-y2k -Wundef -Wnested-externs -Wold-style-definition -Woverlength-strings -Wredundant-decls -Wcast-qual -Wno-format-nonliteral -Wno-switch -Wno-missing-field-initializers -fno-strict-aliasing  -DMAXCONN=16384 -I../common -DHAS_TLS -DHAVE_SETRLIMIT  -rdynamic conftest.c  >&5
conftest.c: In function 'main':
conftest.c:56: warning: old-style function definition
configure:8065: $? = 0
configure:8065: result: yes
configure:8074: checking for uselocale
configure:8074: gcc -o conftest -g -O2 -pipe -ffast-math -Wall -Wextra -Wno-sign-compare -std=c99 -Wno-unused-parameter -Wno-clobbered -Wempty-body -Winit-self -Wpointer-arith -Wformat-security -Wformat -Wformat-y2k -Wundef -Wnested-externs -Wold-style-definition -Woverlength-strings -Wredundant-decls -Wcast-qual -Wno-format-nonliteral -Wno-switch -Wno-missing-field-initializers -fno-strict-aliasing  -DMAXCONN=16384 -I../common -DHAS_TLS -DHAVE_SETRLIMIT -DHAVE_STRNLEN  -rdynamic conftest.c  >&5
conftest.c: In function 'main':
conftest.c:56: warning: old-style function definition
configure:8074: $? = 0
configure:8074: result: yes
configure:8085: checking for newlocale
configure:8085: gcc -o conftest -g -O2 -pipe -ffast-math -Wall -Wextra -Wno-sign-compare -std=c99 -Wno-unused-parameter -Wno-clobbered -Wempty-body -Winit-self -Wpointer-arith -Wformat-security -Wformat -Wformat-y2k -Wundef -Wnested-externs -Wold-style-definition -Woverlength-strings -Wredundant-decls -Wcast-qual -Wno-format-nonliteral -Wno-switch -Wno-missing-field-initializers -fno-strict-aliasing  -DMAXCONN=16384 -I../common -DHAS_TLS -DHAVE_SETRLIMIT -DHAVE_STRNLEN  -rdynamic conftest.c  >&5
conftest.c: In function 'main':
conftest.c:57: warning: old-style function definition
configure:8085: $? = 0
configure:8085: result: yes
configure:8096: checking for freelocale
configure:8096: gcc -o conftest -g -O2 -pipe -ffast-math -Wall -Wextra -Wno-sign-compare -std=c99 -Wno-unused-parameter -Wno-clobbered -Wempty-body -Winit-self -Wpointer-arith -Wformat-security -Wformat -Wformat-y2k -Wundef -Wnested-externs -Wold-style-definition -Woverlength-strings -Wredundant-decls -Wcast-qual -Wno-format-nonliteral -Wno-switch -Wno-missing-field-initializers -fno-strict-aliasing  -DMAXCONN=16384 -I../common -DHAS_TLS -DHAVE_SETRLIMIT -DHAVE_STRNLEN  -rdynamic conftest.c  >&5
conftest.c: In function 'main':
conftest.c:58: warning: old-style function definition
configure:8096: $? = 0
configure:8096: result: yes
configure:8107: checking xlocale.h usability
configure:8107: gcc -c -g -O2 -pipe -ffast-math -Wall -Wextra -Wno-sign-compare -std=c99 -Wno-unused-parameter -Wno-clobbered -Wempty-body -Winit-self -Wpointer-arith -Wformat-security -Wformat -Wformat-y2k -Wundef -Wnested-externs -Wold-style-definition -Woverlength-strings -Wredundant-decls -Wcast-qual -Wno-format-nonliteral -Wno-switch -Wno-missing-field-initializers -fno-strict-aliasing  -DMAXCONN=16384 -I../common -DHAS_TLS -DHAVE_SETRLIMIT -DHAVE_STRNLEN conftest.c >&5
configure:8107: $? = 0
configure:8107: result: yes
configure:8107: checking xlocale.h presence
configure:8107: gcc -E  -DMAXCONN=16384 -I../common -DHAS_TLS -DHAVE_SETRLIMIT -DHAVE_STRNLEN conftest.c
configure:8107: $? = 0
configure:8107: result: yes
configure:8107: checking for xlocale.h
configure:8107: result: yes
configure:8219: checking whether gcc supports -fno-omit-frame-pointer
configure:8229: gcc -c -g -O2 -pipe -ffast-math -Wall -Wextra -Wno-sign-compare -std=c99 -Wno-unused-parameter -Wno-clobbered -Wempty-body -Winit-self -Wpointer-arith -Wformat-security -Wformat -Wformat-y2k -Wundef -Wnested-externs -Wold-style-definition -Woverlength-strings -Wredundant-decls -Wcast-qual -Wno-format-nonliteral -Wno-switch -Wno-missing-field-initializers -fno-strict-aliasing -g -fno-omit-frame-pointer  -DMAXCONN=16384 -I../common -DHAS_TLS -DHAVE_SETRLIMIT -DHAVE_STRNLEN -DDEBUG conftest.c >&5
configure:8229: $? = 0
configure:8231: result: yes
configure:8332: checking host OS
configure:8335: result: Linux
configure:8363: checking for MinGW
configure:8374: result: no
configure:8383: checking for library containing inflateEnd
configure:8414: gcc -o conftest -g -O2 -pipe -ffast-math -Wall -Wextra -Wno-sign-compare -std=c99 -Wno-unused-parameter -Wno-clobbered -Wempty-body -Winit-self -Wpointer-arith -Wformat-security -Wformat -Wformat-y2k -Wundef -Wnested-externs -Wold-style-definition -Woverlength-strings -Wredundant-decls -Wcast-qual -Wno-format-nonliteral -Wno-switch -Wno-missing-field-initializers -fno-strict-aliasing -g -fno-omit-frame-pointer  -DMAXCONN=16384 -I../common -DHAS_TLS -DHAVE_SETRLIMIT -DHAVE_STRNLEN -DDEBUG  -rdynamic -fno-omit-frame-pointer conftest.c  -ldl >&5
conftest.c: In function 'main':
conftest.c:37: warning: old-style function definition
/tmp/ccMsXDKu.o: In function `main':
/root/Desktop/Trunk/conftest.c:39: undefined reference to `inflateEnd'
collect2: ld returned 1 exit status
configure:8414: $? = 1
configure: failed program was:
| /* confdefs.h */
| #define PACKAGE_NAME ""
| #define PACKAGE_TARNAME ""
| #define PACKAGE_VERSION ""
| #define PACKAGE_STRING ""
| #define PACKAGE_BUGREPORT ""
| #define PACKAGE_URL ""
| #define STDC_HEADERS 1
| #define HAVE_SYS_TYPES_H 1
| #define HAVE_SYS_STAT_H 1
| #define HAVE_STDLIB_H 1
| #define HAVE_STRING_H 1
| #define HAVE_MEMORY_H 1
| #define HAVE_STRINGS_H 1
| #define HAVE_INTTYPES_H 1
| #define HAVE_STDINT_H 1
| #define HAVE_UNISTD_H 1
| #define __EXTENSIONS__ 1
| #define _ALL_SOURCE 1
| #define _GNU_SOURCE 1
| #define _POSIX_PTHREAD_SEMANTICS 1
| #define _TANDEM_SOURCE 1
| #define HAVE_USELOCALE 1
| #define HAVE_NEWLOCALE 1
| #define HAVE_FREELOCALE 1
| #define HAVE_XLOCALE_H 1
| /* end confdefs.h.  */
| 
| /* Override any GCC internal prototype to avoid an error.
|    Use char because int might match the return type of a GCC
|    builtin and then its argument prototype would still apply.  */
| #ifdef __cplusplus
| extern "C"
| #endif
| char inflateEnd ();
| int
| main ()
| {
| return inflateEnd ();
|   ;
|   return 0;
| }
configure:8414: gcc -o conftest -g -O2 -pipe -ffast-math -Wall -Wextra -Wno-sign-compare -std=c99 -Wno-unused-parameter -Wno-clobbered -Wempty-body -Winit-self -Wpointer-arith -Wformat-security -Wformat -Wformat-y2k -Wundef -Wnested-externs -Wold-style-definition -Woverlength-strings -Wredundant-decls -Wcast-qual -Wno-format-nonliteral -Wno-switch -Wno-missing-field-initializers -fno-strict-aliasing -g -fno-omit-frame-pointer  -DMAXCONN=16384 -I../common -DHAS_TLS -DHAVE_SETRLIMIT -DHAVE_STRNLEN -DDEBUG  -rdynamic -fno-omit-frame-pointer conftest.c -lz   -ldl >&5
conftest.c: In function 'main':
conftest.c:37: warning: old-style function definition
configure:8414: $? = 0
configure:8431: result: -lz
configure:8441: checking zlib.h usability
configure:8441: gcc -c -g -O2 -pipe -ffast-math -Wall -Wextra -Wno-sign-compare -std=c99 -Wno-unused-parameter -Wno-clobbered -Wempty-body -Winit-self -Wpointer-arith -Wformat-security -Wformat -Wformat-y2k -Wundef -Wnested-externs -Wold-style-definition -Woverlength-strings -Wredundant-decls -Wcast-qual -Wno-format-nonliteral -Wno-switch -Wno-missing-field-initializers -fno-strict-aliasing -g -fno-omit-frame-pointer  -DMAXCONN=16384 -I../common -DHAS_TLS -DHAVE_SETRLIMIT -DHAVE_STRNLEN -DDEBUG conftest.c >&5
configure:8441: $? = 0
configure:8441: result: yes
configure:8441: checking zlib.h presence
configure:8441: gcc -E  -DMAXCONN=16384 -I../common -DHAS_TLS -DHAVE_SETRLIMIT -DHAVE_STRNLEN -DDEBUG conftest.c
configure:8441: $? = 0
configure:8441: result: yes
configure:8441: checking for zlib.h
configure:8441: result: yes
configure:8454: checking for library containing sqrt
configure:8485: gcc -o conftest -g -O2 -pipe -ffast-math -Wall -Wextra -Wno-sign-compare -std=c99 -Wno-unused-parameter -Wno-clobbered -Wempty-body -Winit-self -Wpointer-arith -Wformat-security -Wformat -Wformat-y2k -Wundef -Wnested-externs -Wold-style-definition -Woverlength-strings -Wredundant-decls -Wcast-qual -Wno-format-nonliteral -Wno-switch -Wno-missing-field-initializers -fno-strict-aliasing -g -fno-omit-frame-pointer  -DMAXCONN=16384 -I../common -DHAS_TLS -DHAVE_SETRLIMIT -DHAVE_STRNLEN -DDEBUG  -rdynamic -fno-omit-frame-pointer conftest.c -lz  -ldl >&5
conftest.c:35: warning: conflicting types for built-in function 'sqrt'
conftest.c: In function 'main':
conftest.c:37: warning: old-style function definition
/tmp/ccayjkdB.o: In function `main':
/root/Desktop/Trunk/conftest.c:39: undefined reference to `sqrt'
collect2: ld returned 1 exit status
configure:8485: $? = 1
configure: failed program was:
| /* confdefs.h */
| #define PACKAGE_NAME ""
| #define PACKAGE_TARNAME ""
| #define PACKAGE_VERSION ""
| #define PACKAGE_STRING ""
| #define PACKAGE_BUGREPORT ""
| #define PACKAGE_URL ""
| #define STDC_HEADERS 1
| #define HAVE_SYS_TYPES_H 1
| #define HAVE_SYS_STAT_H 1
| #define HAVE_STDLIB_H 1
| #define HAVE_STRING_H 1
| #define HAVE_MEMORY_H 1
| #define HAVE_STRINGS_H 1
| #define HAVE_INTTYPES_H 1
| #define HAVE_STDINT_H 1
| #define HAVE_UNISTD_H 1
| #define __EXTENSIONS__ 1
| #define _ALL_SOURCE 1
| #define _GNU_SOURCE 1
| #define _POSIX_PTHREAD_SEMANTICS 1
| #define _TANDEM_SOURCE 1
| #define HAVE_USELOCALE 1
| #define HAVE_NEWLOCALE 1
| #define HAVE_FREELOCALE 1
| #define HAVE_XLOCALE_H 1
| /* end confdefs.h.  */
| 
| /* Override any GCC internal prototype to avoid an error.
|    Use char because int might match the return type of a GCC
|    builtin and then its argument prototype would still apply.  */
| #ifdef __cplusplus
| extern "C"
| #endif
| char sqrt ();
| int
| main ()
| {
| return sqrt ();
|   ;
|   return 0;
| }
configure:8485: gcc -o conftest -g -O2 -pipe -ffast-math -Wall -Wextra -Wno-sign-compare -std=c99 -Wno-unused-parameter -Wno-clobbered -Wempty-body -Winit-self -Wpointer-arith -Wformat-security -Wformat -Wformat-y2k -Wundef -Wnested-externs -Wold-style-definition -Woverlength-strings -Wredundant-decls -Wcast-qual -Wno-format-nonliteral -Wno-switch -Wno-missing-field-initializers -fno-strict-aliasing -g -fno-omit-frame-pointer  -DMAXCONN=16384 -I../common -DHAS_TLS -DHAVE_SETRLIMIT -DHAVE_STRNLEN -DDEBUG  -rdynamic -fno-omit-frame-pointer conftest.c -lm  -lz  -ldl >&5
conftest.c:35: warning: conflicting types for built-in function 'sqrt'
conftest.c: In function 'main':
conftest.c:37: warning: old-style function definition
configure:8485: $? = 0
configure:8502: result: -lm
configure:8517: checking for library containing clock_gettime
configure:8548: gcc -o conftest -g -O2 -pipe -ffast-math -Wall -Wextra -Wno-sign-compare -std=c99 -Wno-unused-parameter -Wno-clobbered -Wempty-body -Winit-self -Wpointer-arith -Wformat-security -Wformat -Wformat-y2k -Wundef -Wnested-externs -Wold-style-definition -Woverlength-strings -Wredundant-decls -Wcast-qual -Wno-format-nonliteral -Wno-switch -Wno-missing-field-initializers -fno-strict-aliasing -g -fno-omit-frame-pointer  -DMAXCONN=16384 -I../common -DHAS_TLS -DHAVE_SETRLIMIT -DHAVE_STRNLEN -DDEBUG  -rdynamic -fno-omit-frame-pointer conftest.c -lm -lz  -ldl >&5
conftest.c: In function 'main':
conftest.c:37: warning: old-style function definition
/tmp/ccagVXyP.o: In function `main':
/root/Desktop/Trunk/conftest.c:39: undefined reference to `clock_gettime'
collect2: ld returned 1 exit status
configure:8548: $? = 1
configure: failed program was:
| /* confdefs.h */
| #define PACKAGE_NAME ""
| #define PACKAGE_TARNAME ""
| #define PACKAGE_VERSION ""
| #define PACKAGE_STRING ""
| #define PACKAGE_BUGREPORT ""
| #define PACKAGE_URL ""
| #define STDC_HEADERS 1
| #define HAVE_SYS_TYPES_H 1
| #define HAVE_SYS_STAT_H 1
| #define HAVE_STDLIB_H 1
| #define HAVE_STRING_H 1
| #define HAVE_MEMORY_H 1
| #define HAVE_STRINGS_H 1
| #define HAVE_INTTYPES_H 1
| #define HAVE_STDINT_H 1
| #define HAVE_UNISTD_H 1
| #define __EXTENSIONS__ 1
| #define _ALL_SOURCE 1
| #define _GNU_SOURCE 1
| #define _POSIX_PTHREAD_SEMANTICS 1
| #define _TANDEM_SOURCE 1
| #define HAVE_USELOCALE 1
| #define HAVE_NEWLOCALE 1
| #define HAVE_FREELOCALE 1
| #define HAVE_XLOCALE_H 1
| /* end confdefs.h.  */
| 
| /* Override any GCC internal prototype to avoid an error.
|    Use char because int might match the return type of a GCC
|    builtin and then its argument prototype would still apply.  */
| #ifdef __cplusplus
| extern "C"
| #endif
| char clock_gettime ();
| int
| main ()
| {
| return clock_gettime ();
|   ;
|   return 0;
| }
configure:8548: gcc -o conftest -g -O2 -pipe -ffast-math -Wall -Wextra -Wno-sign-compare -std=c99 -Wno-unused-parameter -Wno-clobbered -Wempty-body -Winit-self -Wpointer-arith -Wformat-security -Wformat -Wformat-y2k -Wundef -Wnested-externs -Wold-style-definition -Woverlength-strings -Wredundant-decls -Wcast-qual -Wno-format-nonliteral -Wno-switch -Wno-missing-field-initializers -fno-strict-aliasing -g -fno-omit-frame-pointer  -DMAXCONN=16384 -I../common -DHAS_TLS -DHAVE_SETRLIMIT -DHAVE_STRNLEN -DDEBUG  -rdynamic -fno-omit-frame-pointer conftest.c -lrt  -lm -lz  -ldl >&5
conftest.c: In function 'main':
conftest.c:37: warning: old-style function definition
configure:8548: $? = 0
configure:8565: result: -lrt
configure:8584: checking whether CLOCK_MONOTONIC is supported and works
configure:8607: gcc -o conftest -g -O2 -pipe -ffast-math -Wall -Wextra -Wno-sign-compare -std=c99 -Wno-unused-parameter -Wno-clobbered -Wempty-body -Winit-self -Wpointer-arith -Wformat-security -Wformat -Wformat-y2k -Wundef -Wnested-externs -Wold-style-definition -Woverlength-strings -Wredundant-decls -Wcast-qual -Wno-format-nonliteral -Wno-switch -Wno-missing-field-initializers -fno-strict-aliasing -g -fno-omit-frame-pointer  -DMAXCONN=16384 -I../common -DHAS_TLS -DHAVE_SETRLIMIT -DHAVE_STRNLEN -DDEBUG  -rdynamic -fno-omit-frame-pointer conftest.c -lrt -lm -lz  -ldl >&5
configure:8607: $? = 0
configure:8607: ./conftest
configure:8607: $? = 0
configure:8609: result: yes
configure:8631: checking for library containing pthread_create
configure:8662: gcc -o conftest -g -O2 -pipe -ffast-math -Wall -Wextra -Wno-sign-compare -std=c99 -Wno-unused-parameter -Wno-clobbered -Wempty-body -Winit-self -Wpointer-arith -Wformat-security -Wformat -Wformat-y2k -Wundef -Wnested-externs -Wold-style-definition -Woverlength-strings -Wredundant-decls -Wcast-qual -Wno-format-nonliteral -Wno-switch -Wno-missing-field-initializers -fno-strict-aliasing -g -fno-omit-frame-pointer  -DMAXCONN=16384 -I../common -DHAS_TLS -DHAVE_SETRLIMIT -DHAVE_STRNLEN -DDEBUG -DHAVE_MONOTONIC_CLOCK  -rdynamic -fno-omit-frame-pointer conftest.c -lrt -lm -lz  -ldl >&5
conftest.c: In function 'main':
conftest.c:37: warning: old-style function definition
configure:8662: $? = 0
configure:8679: result: none required
configure:8689: checking for library containing pthread_sigmask
configure:8720: gcc -o conftest -g -O2 -pipe -ffast-math -Wall -Wextra -Wno-sign-compare -std=c99 -Wno-unused-parameter -Wno-clobbered -Wempty-body -Winit-self -Wpointer-arith -Wformat-security -Wformat -Wformat-y2k -Wundef -Wnested-externs -Wold-style-definition -Woverlength-strings -Wredundant-decls -Wcast-qual -Wno-format-nonliteral -Wno-switch -Wno-missing-field-initializers -fno-strict-aliasing -g -fno-omit-frame-pointer  -DMAXCONN=16384 -I../common -DHAS_TLS -DHAVE_SETRLIMIT -DHAVE_STRNLEN -DDEBUG -DHAVE_MONOTONIC_CLOCK  -rdynamic -fno-omit-frame-pointer conftest.c -lrt -lm -lz  -ldl >&5
conftest.c: In function 'main':
conftest.c:37: warning: old-style function definition
configure:8720: $? = 0
configure:8737: result: none required
configure:8747: checking for library containing pthread_attr_init
configure:8778: gcc -o conftest -g -O2 -pipe -ffast-math -Wall -Wextra -Wno-sign-compare -std=c99 -Wno-unused-parameter -Wno-clobbered -Wempty-body -Winit-self -Wpointer-arith -Wformat-security -Wformat -Wformat-y2k -Wundef -Wnested-externs -Wold-style-definition -Woverlength-strings -Wredundant-decls -Wcast-qual -Wno-format-nonliteral -Wno-switch -Wno-missing-field-initializers -fno-strict-aliasing -g -fno-omit-frame-pointer  -DMAXCONN=16384 -I../common -DHAS_TLS -DHAVE_SETRLIMIT -DHAVE_STRNLEN -DDEBUG -DHAVE_MONOTONIC_CLOCK  -rdynamic -fno-omit-frame-pointer conftest.c -lrt -lm -lz  -ldl >&5
conftest.c: In function 'main':
conftest.c:37: warning: old-style function definition
configure:8778: $? = 0
configure:8795: result: none required
configure:8805: checking for library containing pthread_attr_setstacksize
configure:8836: gcc -o conftest -g -O2 -pipe -ffast-math -Wall -Wextra -Wno-sign-compare -std=c99 -Wno-unused-parameter -Wno-clobbered -Wempty-body -Winit-self -Wpointer-arith -Wformat-security -Wformat -Wformat-y2k -Wundef -Wnested-externs -Wold-style-definition -Woverlength-strings -Wredundant-decls -Wcast-qual -Wno-format-nonliteral -Wno-switch -Wno-missing-field-initializers -fno-strict-aliasing -g -fno-omit-frame-pointer  -DMAXCONN=16384 -I../common -DHAS_TLS -DHAVE_SETRLIMIT -DHAVE_STRNLEN -DDEBUG -DHAVE_MONOTONIC_CLOCK  -rdynamic -fno-omit-frame-pointer conftest.c -lrt -lm -lz  -ldl >&5
conftest.c: In function 'main':
conftest.c:37: warning: old-style function definition
configure:8836: $? = 0
configure:8853: result: none required
configure:8863: checking for library containing pthread_attr_destroy
configure:8894: gcc -o conftest -g -O2 -pipe -ffast-math -Wall -Wextra -Wno-sign-compare -std=c99 -Wno-unused-parameter -Wno-clobbered -Wempty-body -Winit-self -Wpointer-arith -Wformat-security -Wformat -Wformat-y2k -Wundef -Wnested-externs -Wold-style-definition -Woverlength-strings -Wredundant-decls -Wcast-qual -Wno-format-nonliteral -Wno-switch -Wno-missing-field-initializers -fno-strict-aliasing -g -fno-omit-frame-pointer  -DMAXCONN=16384 -I../common -DHAS_TLS -DHAVE_SETRLIMIT -DHAVE_STRNLEN -DDEBUG -DHAVE_MONOTONIC_CLOCK  -rdynamic -fno-omit-frame-pointer conftest.c -lrt -lm -lz  -ldl >&5
conftest.c: In function 'main':
conftest.c:37: warning: old-style function definition
configure:8894: $? = 0
configure:8911: result: none required
configure:8921: checking for library containing pthread_cancel
configure:8952: gcc -o conftest -g -O2 -pipe -ffast-math -Wall -Wextra -Wno-sign-compare -std=c99 -Wno-unused-parameter -Wno-clobbered -Wempty-body -Winit-self -Wpointer-arith -Wformat-security -Wformat -Wformat-y2k -Wundef -Wnested-externs -Wold-style-definition -Woverlength-strings -Wredundant-decls -Wcast-qual -Wno-format-nonliteral -Wno-switch -Wno-missing-field-initializers -fno-strict-aliasing -g -fno-omit-frame-pointer  -DMAXCONN=16384 -I../common -DHAS_TLS -DHAVE_SETRLIMIT -DHAVE_STRNLEN -DDEBUG -DHAVE_MONOTONIC_CLOCK  -rdynamic -fno-omit-frame-pointer conftest.c -lrt -lm -lz  -ldl >&5
conftest.c: In function 'main':
conftest.c:37: warning: old-style function definition
configure:8952: $? = 0
configure:8969: result: none required
configure:8979: checking for library containing pthread_join
configure:9010: gcc -o conftest -g -O2 -pipe -ffast-math -Wall -Wextra -Wno-sign-compare -std=c99 -Wno-unused-parameter -Wno-clobbered -Wempty-body -Winit-self -Wpointer-arith -Wformat-security -Wformat -Wformat-y2k -Wundef -Wnested-externs -Wold-style-definition -Woverlength-strings -Wredundant-decls -Wcast-qual -Wno-format-nonliteral -Wno-switch -Wno-missing-field-initializers -fno-strict-aliasing -g -fno-omit-frame-pointer  -DMAXCONN=16384 -I../common -DHAS_TLS -DHAVE_SETRLIMIT -DHAVE_STRNLEN -DDEBUG -DHAVE_MONOTONIC_CLOCK  -rdynamic -fno-omit-frame-pointer conftest.c -lrt -lm -lz  -ldl >&5
conftest.c: In function 'main':
conftest.c:37: warning: old-style function definition
configure:9010: $? = 0
configure:9027: result: none required
configure:9041: checking execinfo.h usability
configure:9041: gcc -c -g -O2 -pipe -ffast-math -Wall -Wextra -Wno-sign-compare -std=c99 -Wno-unused-parameter -Wno-clobbered -Wempty-body -Winit-self -Wpointer-arith -Wformat-security -Wformat -Wformat-y2k -Wundef -Wnested-externs -Wold-style-definition -Woverlength-strings -Wredundant-decls -Wcast-qual -Wno-format-nonliteral -Wno-switch -Wno-missing-field-initializers -fno-strict-aliasing -g -fno-omit-frame-pointer  -DMAXCONN=16384 -I../common -DHAS_TLS -DHAVE_SETRLIMIT -DHAVE_STRNLEN -DDEBUG -DHAVE_MONOTONIC_CLOCK conftest.c >&5
configure:9041: $? = 0
configure:9041: result: yes
configure:9041: checking execinfo.h presence
configure:9041: gcc -E  -DMAXCONN=16384 -I../common -DHAS_TLS -DHAVE_SETRLIMIT -DHAVE_STRNLEN -DDEBUG -DHAVE_MONOTONIC_CLOCK conftest.c
configure:9041: $? = 0
configure:9041: result: yes
configure:9041: checking for execinfo.h
configure:9041: result: yes
configure:9047: checking for library containing backtrace
configure:9078: gcc -o conftest -g -O2 -pipe -ffast-math -Wall -Wextra -Wno-sign-compare -std=c99 -Wno-unused-parameter -Wno-clobbered -Wempty-body -Winit-self -Wpointer-arith -Wformat-security -Wformat -Wformat-y2k -Wundef -Wnested-externs -Wold-style-definition -Woverlength-strings -Wredundant-decls -Wcast-qual -Wno-format-nonliteral -Wno-switch -Wno-missing-field-initializers -fno-strict-aliasing -g -fno-omit-frame-pointer  -DMAXCONN=16384 -I../common -DHAS_TLS -DHAVE_SETRLIMIT -DHAVE_STRNLEN -DDEBUG -DHAVE_MONOTONIC_CLOCK  -rdynamic -fno-omit-frame-pointer conftest.c -lrt -lm -lz  -ldl >&5
conftest.c: In function 'main':
conftest.c:38: warning: old-style function definition
configure:9078: $? = 0
configure:9095: result: none required
configure:9118: checking for mysql_config
configure:9136: found /usr/bin/mysql_config
configure:9149: result: /usr/bin/mysql_config
configure:9173: checking for mysql_init
configure:9173: gcc -o conftest -g -O2 -pipe -ffast-math -Wall -Wextra -Wno-sign-compare -std=c99 -Wno-unused-parameter -Wno-clobbered -Wempty-body -Winit-self -Wpointer-arith -Wformat-security -Wformat -Wformat-y2k -Wundef -Wnested-externs -Wold-style-definition -Woverlength-strings -Wredundant-decls -Wcast-qual -Wno-format-nonliteral -Wno-switch -Wno-missing-field-initializers -fno-strict-aliasing -g -fno-omit-frame-pointer -DHAVE_EXECINFO  -DMAXCONN=16384 -I../common -DHAS_TLS -DHAVE_SETRLIMIT -DHAVE_STRNLEN -DDEBUG -DHAVE_MONOTONIC_CLOCK -I/usr/include/mysql  -rdynamic -fno-omit-frame-pointer conftest.c -lrt -lm -lz  -ldl -rdynamic -L/usr/lib64/mysql -lmysqlclient -lz -lcrypt -lnsl -lm -lssl -lcrypto >&5
conftest.c: In function 'main':
conftest.c:61: warning: old-style function definition
configure:9173: $? = 0
configure:9173: result: yes
configure:9178: checking mysql.h usability
configure:9178: gcc -c -g -O2 -pipe -ffast-math -Wall -Wextra -Wno-sign-compare -std=c99 -Wno-unused-parameter -Wno-clobbered -Wempty-body -Winit-self -Wpointer-arith -Wformat-security -Wformat -Wformat-y2k -Wundef -Wnested-externs -Wold-style-definition -Woverlength-strings -Wredundant-decls -Wcast-qual -Wno-format-nonliteral -Wno-switch -Wno-missing-field-initializers -fno-strict-aliasing -g -fno-omit-frame-pointer -DHAVE_EXECINFO  -DMAXCONN=16384 -I../common -DHAS_TLS -DHAVE_SETRLIMIT -DHAVE_STRNLEN -DDEBUG -DHAVE_MONOTONIC_CLOCK -I/usr/include/mysql conftest.c >&5
configure:9178: $? = 0
configure:9178: result: yes
configure:9178: checking mysql.h presence
configure:9178: gcc -E  -DMAXCONN=16384 -I../common -DHAS_TLS -DHAVE_SETRLIMIT -DHAVE_STRNLEN -DDEBUG -DHAVE_MONOTONIC_CLOCK -I/usr/include/mysql conftest.c
configure:9178: $? = 0
configure:9178: result: yes
configure:9178: checking for mysql.h
configure:9178: result: yes
configure:9189: checking MySQL library (required)
configure:9192: result: yes (5.1.73)
configure:9210: checking PCRE library
configure:9212: checking pcre.h usability
configure:9212: gcc -c -g -O2 -pipe -ffast-math -Wall -Wextra -Wno-sign-compare -std=c99 -Wno-unused-parameter -Wno-clobbered -Wempty-body -Winit-self -Wpointer-arith -Wformat-security -Wformat -Wformat-y2k -Wundef -Wnested-externs -Wold-style-definition -Woverlength-strings -Wredundant-decls -Wcast-qual -Wno-format-nonliteral -Wno-switch -Wno-missing-field-initializers -fno-strict-aliasing -g -fno-omit-frame-pointer -DHAVE_EXECINFO  -DMAXCONN=16384 -I../common -DHAS_TLS -DHAVE_SETRLIMIT -DHAVE_STRNLEN -DDEBUG -DHAVE_MONOTONIC_CLOCK conftest.c >&5
configure:9212: $? = 0
configure:9212: result: yes
configure:9212: checking pcre.h presence
configure:9212: gcc -E  -DMAXCONN=16384 -I../common -DHAS_TLS -DHAVE_SETRLIMIT -DHAVE_STRNLEN -DDEBUG -DHAVE_MONOTONIC_CLOCK conftest.c
configure:9212: $? = 0
configure:9212: result: yes
configure:9212: checking for pcre.h
configure:9212: result: yes
configure:9220: checking for library containing pcre_study
configure:9251: gcc -o conftest -g -O2 -pipe -ffast-math -Wall -Wextra -Wno-sign-compare -std=c99 -Wno-unused-parameter -Wno-clobbered -Wempty-body -Winit-self -Wpointer-arith -Wformat-security -Wformat -Wformat-y2k -Wundef -Wnested-externs -Wold-style-definition -Woverlength-strings -Wredundant-decls -Wcast-qual -Wno-format-nonliteral -Wno-switch -Wno-missing-field-initializers -fno-strict-aliasing -g -fno-omit-frame-pointer -DHAVE_EXECINFO  -DMAXCONN=16384 -I../common -DHAS_TLS -DHAVE_SETRLIMIT -DHAVE_STRNLEN -DDEBUG -DHAVE_MONOTONIC_CLOCK  -rdynamic -fno-omit-frame-pointer conftest.c -lrt -lm -lz  -ldl >&5
conftest.c: In function 'main':
conftest.c:38: warning: old-style function definition
/tmp/ccfMvBXF.o: In function `main':
/root/Desktop/Trunk/conftest.c:40: undefined reference to `pcre_study'
collect2: ld returned 1 exit status
configure:9251: $? = 1
configure: failed program was:
| /* confdefs.h */
| #define PACKAGE_NAME ""
| #define PACKAGE_TARNAME ""
| #define PACKAGE_VERSION ""
| #define PACKAGE_STRING ""
| #define PACKAGE_BUGREPORT ""
| #define PACKAGE_URL ""
| #define STDC_HEADERS 1
| #define HAVE_SYS_TYPES_H 1
| #define HAVE_SYS_STAT_H 1
| #define HAVE_STDLIB_H 1
| #define HAVE_STRING_H 1
| #define HAVE_MEMORY_H 1
| #define HAVE_STRINGS_H 1
| #define HAVE_INTTYPES_H 1
| #define HAVE_STDINT_H 1
| #define HAVE_UNISTD_H 1
| #define __EXTENSIONS__ 1
| #define _ALL_SOURCE 1
| #define _GNU_SOURCE 1
| #define _POSIX_PTHREAD_SEMANTICS 1
| #define _TANDEM_SOURCE 1
| #define HAVE_USELOCALE 1
| #define HAVE_NEWLOCALE 1
| #define HAVE_FREELOCALE 1
| #define HAVE_XLOCALE_H 1
| #define HAVE_EXECINFO_H 1
| /* end confdefs.h.  */
| 
| /* Override any GCC internal prototype to avoid an error.
|    Use char because int might match the return type of a GCC
|    builtin and then its argument prototype would still apply.  */
| #ifdef __cplusplus
| extern "C"
| #endif
| char pcre_study ();
| int
| main ()
| {
| return pcre_study ();
|   ;
|   return 0;
| }
configure:9251: gcc -o conftest -g -O2 -pipe -ffast-math -Wall -Wextra -Wno-sign-compare -std=c99 -Wno-unused-parameter -Wno-clobbered -Wempty-body -Winit-self -Wpointer-arith -Wformat-security -Wformat -Wformat-y2k -Wundef -Wnested-externs -Wold-style-definition -Woverlength-strings -Wredundant-decls -Wcast-qual -Wno-format-nonliteral -Wno-switch -Wno-missing-field-initializers -fno-strict-aliasing -g -fno-omit-frame-pointer -DHAVE_EXECINFO  -DMAXCONN=16384 -I../common -DHAS_TLS -DHAVE_SETRLIMIT -DHAVE_STRNLEN -DDEBUG -DHAVE_MONOTONIC_CLOCK  -rdynamic -fno-omit-frame-pointer conftest.c -lpcre  -lrt -lm -lz  -ldl >&5
conftest.c: In function 'main':
conftest.c:38: warning: old-style function definition
configure:9251: $? = 0
configure:9268: result: -lpcre
configure:9429: checking for doxygen
configure:9457: result: no
configure:9468: checking for perl
configure:9484: found /usr/bin/perl
configure:9496: result: yes
configure:9657: creating ./config.status

## ---------------------- ##
## Running config.status. ##
## ---------------------- ##

This file was extended by config.status, which was
generated by GNU Autoconf 2.69.  Invocation command line was

  CONFIG_FILES    = 
  CONFIG_HEADERS  = 
  CONFIG_LINKS    = 
  CONFIG_COMMANDS = 
  $ ./config.status 

on artifice-ragnarok.com

config.status:751: creating Makefile
config.status:751: creating src/common/Makefile
config.status:751: creating 3rdparty/mt19937ar/Makefile
config.status:751: creating 3rdparty/libconfig/Makefile
config.status:751: creating src/char/Makefile
config.status:751: creating src/login/Makefile
config.status:751: creating src/map/Makefile
config.status:751: creating src/plugins/Makefile
config.status:751: creating src/tool/Makefile
config.status:751: creating src/test/Makefile
config.status:751: creating tools/HPMHookGen/Makefile

## ---------------- ##
## Cache variables. ##
## ---------------- ##

ac_cv_c_bigendian=no
ac_cv_c_compiler_gnu=yes
ac_cv_env_CC_set=
ac_cv_env_CC_value=
ac_cv_env_CFLAGS_set=
ac_cv_env_CFLAGS_value=
ac_cv_env_CPPFLAGS_set=
ac_cv_env_CPPFLAGS_value=
ac_cv_env_CPP_set=
ac_cv_env_CPP_value=
ac_cv_env_LDFLAGS_set=
ac_cv_env_LDFLAGS_value=
ac_cv_env_LIBS_set=
ac_cv_env_LIBS_value=
ac_cv_env_build_alias_set=
ac_cv_env_build_alias_value=
ac_cv_env_host_alias_set=
ac_cv_env_host_alias_value=
ac_cv_env_target_alias_set=
ac_cv_env_target_alias_value=
ac_cv_func_freelocale=yes
ac_cv_func_mysql_init=yes
ac_cv_func_newlocale=yes
ac_cv_func_setrlimit=yes
ac_cv_func_strnlen=yes
ac_cv_func_uselocale=yes
ac_cv_header_execinfo_h=yes
ac_cv_header_inttypes_h=yes
ac_cv_header_memory_h=yes
ac_cv_header_minix_config_h=no
ac_cv_header_mysql_h=yes
ac_cv_header_pcre_h=yes
ac_cv_header_stdc=yes
ac_cv_header_stdint_h=yes
ac_cv_header_stdlib_h=yes
ac_cv_header_string_h=yes
ac_cv_header_strings_h=yes
ac_cv_header_sys_stat_h=yes
ac_cv_header_sys_types_h=yes
ac_cv_header_unistd_h=yes
ac_cv_header_xlocale_h=yes
ac_cv_header_zlib_h=yes
ac_cv_objext=o
ac_cv_path_AR=/usr/bin/ar
ac_cv_path_EGREP='/bin/grep -E'
ac_cv_path_GREP=/bin/grep
ac_cv_path_MYSQL_CONFIG_HOME=/usr/bin/mysql_config
ac_cv_prog_CPP='gcc -E'
ac_cv_prog_HAVE_DOXYGEN=no
ac_cv_prog_HAVE_PERL=yes
ac_cv_prog_ac_ct_CC=gcc
ac_cv_prog_cc_c89=
ac_cv_prog_cc_g=yes
ac_cv_prog_make_make_set=yes
ac_cv_safe_to_define___extensions__=yes
ac_cv_search_backtrace='none required'
ac_cv_search_clock_gettime=-lrt
ac_cv_search_inflateEnd=-lz
ac_cv_search_pcre_study=-lpcre
ac_cv_search_pthread_attr_destroy='none required'
ac_cv_search_pthread_attr_init='none required'
ac_cv_search_pthread_attr_setstacksize='none required'
ac_cv_search_pthread_cancel='none required'
ac_cv_search_pthread_create='none required'
ac_cv_search_pthread_join='none required'
ac_cv_search_pthread_sigmask='none required'
ac_cv_search_sqrt=-lm

## ----------------- ##
## Output variables. ##
## ----------------- ##

AR='/usr/bin/ar'
CC='gcc'
CFLAGS='-g -O2 -pipe -ffast-math -Wall -Wextra -Wno-sign-compare -std=c99 -Wno-unused-parameter -Wno-clobbered -Wempty-body -Winit-self -Wpointer-arith -Wformat-security -Wformat -Wformat-y2k -Wundef -Wnested-externs -Wold-style-definition -Woverlength-strings -Wredundant-decls -Wcast-qual -Wno-format-nonliteral -Wno-switch -Wno-missing-field-initializers -fno-strict-aliasing -g -fno-omit-frame-pointer -DHAVE_EXECINFO'
CPP='gcc -E'
CPPFLAGS=' -DMAXCONN=16384 -I../common -DHAS_TLS -DHAVE_SETRLIMIT -DHAVE_STRNLEN -DDEBUG -DHAVE_MONOTONIC_CLOCK'
DEFS='-DPACKAGE_NAME=\"\" -DPACKAGE_TARNAME=\"\" -DPACKAGE_VERSION=\"\" -DPACKAGE_STRING=\"\" -DPACKAGE_BUGREPORT=\"\" -DPACKAGE_URL=\"\" -DSTDC_HEADERS=1 -DHAVE_SYS_TYPES_H=1 -DHAVE_SYS_STAT_H=1 -DHAVE_STDLIB_H=1 -DHAVE_STRING_H=1 -DHAVE_MEMORY_H=1 -DHAVE_STRINGS_H=1 -DHAVE_INTTYPES_H=1 -DHAVE_STDINT_H=1 -DHAVE_UNISTD_H=1 -D__EXTENSIONS__=1 -D_ALL_SOURCE=1 -D_GNU_SOURCE=1 -D_POSIX_PTHREAD_SEMANTICS=1 -D_TANDEM_SOURCE=1 -DHAVE_USELOCALE=1 -DHAVE_NEWLOCALE=1 -DHAVE_FREELOCALE=1 -DHAVE_XLOCALE_H=1 -DHAVE_EXECINFO_H=1'
DLLEXT='.so'
ECHO_C=''
ECHO_N='-n'
ECHO_T=''
EGREP='/bin/grep -E'
EXEEXT=''
GREP='/bin/grep'
HAVE_DOXYGEN='no'
HAVE_MYSQL='yes'
HAVE_PERL='yes'
LDFLAGS=' -rdynamic -fno-omit-frame-pointer'
LIBOBJS=''
LIBS='-lpcre -lrt -lm -lz  -ldl'
LTLIBOBJS=''
MYSQL_CFLAGS='-I/usr/include/mysql'
MYSQL_CONFIG_HOME='/usr/bin/mysql_config'
MYSQL_LIBS='-rdynamic -L/usr/lib64/mysql -lmysqlclient -lz -lcrypt -lnsl -lm -lssl -lcrypto'
MYSQL_VERSION='5.1.73'
OBJEXT='o'
PACKAGE_BUGREPORT=''
PACKAGE_NAME=''
PACKAGE_STRING=''
PACKAGE_TARNAME=''
PACKAGE_URL=''
PACKAGE_VERSION=''
PATH_SEPARATOR=':'
PLUGINSTATIC=''
SET_MAKE=''
SHELL='/bin/sh'
SOFLAGS=' -fPIC -shared -Wl,--no-undefined'
STATIC=''
WITH_PLUGINS='yes'
ac_ct_CC='gcc'
bindir='${exec_prefix}/bin'
build_alias=''
datadir='${datarootdir}'
datarootdir='${prefix}/share'
docdir='${datarootdir}/doc/${PACKAGE}'
dvidir='${docdir}'
exec_prefix='${prefix}'
host_alias=''
htmldir='${docdir}'
includedir='${prefix}/include'
infodir='${datarootdir}/info'
libdir='${exec_prefix}/lib'
libexecdir='${exec_prefix}/libexec'
localedir='${datarootdir}/locale'
localstatedir='${prefix}/var'
mandir='${datarootdir}/man'
oldincludedir='/usr/include'
pdfdir='${docdir}'
prefix='/usr/local'
program_transform_name='s,x,x,'
psdir='${docdir}'
runstatedir='${localstatedir}/run'
sbindir='${exec_prefix}/sbin'
sharedstatedir='${prefix}/com'
sysconfdir='${prefix}/etc'
target_alias=''

## ----------- ##
## confdefs.h. ##
## ----------- ##

/* confdefs.h */
#define PACKAGE_NAME ""
#define PACKAGE_TARNAME ""
#define PACKAGE_VERSION ""
#define PACKAGE_STRING ""
#define PACKAGE_BUGREPORT ""
#define PACKAGE_URL ""
#define STDC_HEADERS 1
#define HAVE_SYS_TYPES_H 1
#define HAVE_SYS_STAT_H 1
#define HAVE_STDLIB_H 1
#define HAVE_STRING_H 1
#define HAVE_MEMORY_H 1
#define HAVE_STRINGS_H 1
#define HAVE_INTTYPES_H 1
#define HAVE_STDINT_H 1
#define HAVE_UNISTD_H 1
#define __EXTENSIONS__ 1
#define _ALL_SOURCE 1
#define _GNU_SOURCE 1
#define _POSIX_PTHREAD_SEMANTICS 1
#define _TANDEM_SOURCE 1
#define HAVE_USELOCALE 1
#define HAVE_NEWLOCALE 1
#define HAVE_FREELOCALE 1
#define HAVE_XLOCALE_H 1
#define HAVE_EXECINFO_H 1

configure: exit 0
